#
# There is insufficient memory for the Java Runtime Environment to continue.
# Native memory allocation (malloc) failed to allocate 32744 bytes for Chunk::new
# Possible reasons:
#   The system is out of physical RAM or swap space
#   The process is running with CompressedOops enabled, and the Java Heap may be blocking the growth of the native heap
# Possible solutions:
#   Reduce memory load on the system
#   Increase physical memory or swap space
#   Check if swap backing store is full
#   Decrease Java heap size (-Xmx/-Xms)
#   Decrease number of Java threads
#   Decrease Java thread stack sizes (-Xss)
#   Set larger code cache with -XX:ReservedCodeCacheSize=
#   JVM is running with Unscaled Compressed Oops mode in which the Java heap is
#     placed in the first 4GB address space. The Java Heap base address is the
#     maximum limit for the native heap growth. Please use -XX:HeapBaseMinAddress
#     to set the Java Heap base and to place the Java Heap above 4GB virtual address.
# This output file may be truncated or incomplete.
#
#  Out of Memory Error (arena.cpp:184), pid=5504, tid=8172
#
# JRE version: Java(TM) SE Runtime Environment (18.0.2+9) (build 18.0.2+9-61)
# Java VM: Java HotSpot(TM) 64-Bit Server VM (18.0.2+9-61, mixed mode, sharing, tiered, compressed oops, compressed class ptrs, g1 gc, windows-amd64)
# No core dump will be written. Minidumps are not enabled by default on client versions of Windows
#

---------------  S U M M A R Y ------------

Command Line: --add-opens=java.base/java.util=ALL-UNNAMED --add-opens=java.base/java.lang=ALL-UNNAMED --add-opens=java.base/java.lang.invoke=ALL-UNNAMED --add-opens=java.base/java.util=ALL-UNNAMED --add-opens=java.prefs/java.util.prefs=ALL-UNNAMED --add-opens=java.prefs/java.util.prefs=ALL-UNNAMED --add-opens=java.base/java.nio.charset=ALL-UNNAMED --add-opens=java.base/java.net=ALL-UNNAMED --add-opens=java.base/java.util.concurrent.atomic=ALL-UNNAMED -Xmx2048m -Dfile.encoding=UTF-8 -Duser.country=IN -Duser.language=en -Duser.variant org.gradle.launcher.daemon.bootstrap.GradleDaemon 7.4

Host: AMD A6-7310 APU with AMD Radeon R4 Graphics    , 4 cores, 6G,  Windows 10 , 64 bit Build 19041 (10.0.19041.2251)
Time: Wed Dec 21 11:14:20 2022 India Standard Time elapsed time: 41.163276 seconds (0d 0h 0m 41s)

---------------  T H R E A D  ---------------

Current thread (0x0000026033cee260):  JavaThread "C2 CompilerThread0" daemon [_thread_in_native, id=8172, stack(0x000000caa0e00000,0x000000caa0f00000)]


Current CompileTask:
C2:  41163 2509       4       java.lang.invoke.InvokerBytecodeGenerator::emitImplicitConversion (161 bytes)

Stack: [0x000000caa0e00000,0x000000caa0f00000]
Native frames: (J=compiled Java code, j=interpreted, Vv=VM code, C=native code)
V  [jvm.dll+0x6993ca]
V  [jvm.dll+0x7f481d]
V  [jvm.dll+0x7f612e]
V  [jvm.dll+0x7f67e3]
V  [jvm.dll+0x25cdaf]
V  [jvm.dll+0xb8c2f]
V  [jvm.dll+0xb8fa5]
V  [jvm.dll+0x626240]
V  [jvm.dll+0x6263d6]
V  [jvm.dll+0x62c1d7]
V  [jvm.dll+0x62d132]
V  [jvm.dll+0x62b5b4]
V  [jvm.dll+0x22fdc8]
V  [jvm.dll+0x22f321]
V  [jvm.dll+0x1ba01c]
V  [jvm.dll+0x23ec9a]
V  [jvm.dll+0x23cf85]
V  [jvm.dll+0x7a6e21]
V  [jvm.dll+0x7a125a]
V  [jvm.dll+0x698275]
C  [ucrtbase.dll+0x21bb2]
C  [KERNEL32.DLL+0x174b4]
C  [ntdll.dll+0x526a1]


---------------  P R O C E S S  ---------------

Threads class SMR info:
_java_thread_list=0x00000260391af450, length=26, elements={
0x0000026016326a50, 0x0000026033cca600, 0x0000026033ccb790, 0x0000026033ce75b0,
0x0000026033ce7e60, 0x0000026033ce8eb0, 0x0000026033cea040, 0x0000026033cee260,
0x0000026033d3e810, 0x0000026033d6dca0, 0x000002603807f9e0, 0x00000260380866e0,
0x0000026038135ed0, 0x0000026038136870, 0x00000260381363a0, 0x0000026038136d40,
0x0000026038138080, 0x0000026038137bb0, 0x00000260381376e0, 0x0000026038138550,
0x0000026038135a00, 0x0000026038138a20, 0x0000026038135060, 0x0000026038135530,
0x00000260392e6aa0, 0x00000260140c66d0
}

Java Threads: ( => current thread )
  0x0000026016326a50 JavaThread "main" [_thread_blocked, id=4752, stack(0x000000caa0100000,0x000000caa0200000)]
  0x0000026033cca600 JavaThread "Reference Handler" daemon [_thread_blocked, id=3332, stack(0x000000caa0800000,0x000000caa0900000)]
  0x0000026033ccb790 JavaThread "Finalizer" daemon [_thread_blocked, id=5996, stack(0x000000caa0900000,0x000000caa0a00000)]
  0x0000026033ce75b0 JavaThread "Signal Dispatcher" daemon [_thread_blocked, id=1384, stack(0x000000caa0a00000,0x000000caa0b00000)]
  0x0000026033ce7e60 JavaThread "Attach Listener" daemon [_thread_blocked, id=6464, stack(0x000000caa0b00000,0x000000caa0c00000)]
  0x0000026033ce8eb0 JavaThread "Service Thread" daemon [_thread_blocked, id=3356, stack(0x000000caa0c00000,0x000000caa0d00000)]
  0x0000026033cea040 JavaThread "Monitor Deflation Thread" daemon [_thread_blocked, id=6528, stack(0x000000caa0d00000,0x000000caa0e00000)]
=>0x0000026033cee260 JavaThread "C2 CompilerThread0" daemon [_thread_in_native, id=8172, stack(0x000000caa0e00000,0x000000caa0f00000)]
  0x0000026033d3e810 JavaThread "C1 CompilerThread0" daemon [_thread_blocked, id=9564, stack(0x000000caa0f00000,0x000000caa1000000)]
  0x0000026033d6dca0 JavaThread "Sweeper thread" daemon [_thread_blocked, id=10280, stack(0x000000caa1000000,0x000000caa1100000)]
  0x000002603807f9e0 JavaThread "Common-Cleaner" daemon [_thread_blocked, id=7148, stack(0x000000caa1100000,0x000000caa1200000)]
  0x00000260380866e0 JavaThread "Notification Thread" daemon [_thread_blocked, id=9732, stack(0x000000caa1200000,0x000000caa1300000)]
  0x0000026038135ed0 JavaThread "Daemon health stats" [_thread_blocked, id=8972, stack(0x000000caa1800000,0x000000caa1900000)]
  0x0000026038136870 JavaThread "Incoming local TCP Connector on port 61763" [_thread_in_native, id=1604, stack(0x000000ca9fe00000,0x000000ca9ff00000)]
  0x00000260381363a0 JavaThread "Daemon periodic checks" [_thread_blocked, id=3572, stack(0x000000caa1900000,0x000000caa1a00000)]
  0x0000026038136d40 JavaThread "Daemon" [_thread_blocked, id=5540, stack(0x000000caa1a00000,0x000000caa1b00000)]
  0x0000026038138080 JavaThread "Handler for socket connection from /127.0.0.1:61763 to /127.0.0.1:61764" [_thread_in_native, id=6200, stack(0x000000caa1b00000,0x000000caa1c00000)]
  0x0000026038137bb0 JavaThread "Cancel handler" [_thread_blocked, id=8964, stack(0x000000caa1c00000,0x000000caa1d00000)]
  0x00000260381376e0 JavaThread "Daemon worker" [_thread_blocked, id=9840, stack(0x000000caa1d00000,0x000000caa1e00000)]
  0x0000026038138550 JavaThread "Asynchronous log dispatcher for DefaultDaemonConnection: socket connection from /127.0.0.1:61763 to /127.0.0.1:61764" [_thread_blocked, id=7324, stack(0x000000caa1e00000,0x000000caa1f00000)]
  0x0000026038135a00 JavaThread "Stdin handler" [_thread_blocked, id=5760, stack(0x000000caa1f00000,0x000000caa2000000)]
  0x0000026038138a20 JavaThread "Daemon client event forwarder" [_thread_blocked, id=1276, stack(0x000000caa2000000,0x000000caa2100000)]
  0x0000026038135060 JavaThread "Cache worker for journal cache (C:\Users\acer\.gradle\caches\journal-1)" [_thread_blocked, id=9116, stack(0x000000caa2100000,0x000000caa2200000)]
  0x0000026038135530 JavaThread "File lock request listener" [_thread_in_native, id=3856, stack(0x000000caa2200000,0x000000caa2300000)]
  0x00000260392e6aa0 JavaThread "Cache worker for file hash cache (C:\Users\acer\.gradle\caches\7.4\fileHashes)" [_thread_blocked, id=9140, stack(0x000000caa2300000,0x000000caa2400000)]
  0x00000260140c66d0 JavaThread "C2 CompilerThread1" daemon [_thread_in_vm, id=2104, stack(0x000000caa2400000,0x000000caa2500000)]

Other Threads:
  0x00000260163eecc0 VMThread "VM Thread" [stack: 0x000000caa0700000,0x000000caa0800000] [id=7752]
  0x000002603808b7f0 WatcherThread "VM Periodic Task Thread" [stack: 0x000000caa1300000,0x000000caa1400000] [id=10264]
  0x0000026016383a90 WorkerThread "GC Thread#0" [stack: 0x000000caa0200000,0x000000caa0300000] [id=7656]
  0x00000260381965e0 WorkerThread "GC Thread#1" [stack: 0x000000caa1400000,0x000000caa1500000] [id=7600]
  0x000002603838c970 WorkerThread "GC Thread#2" [stack: 0x000000caa1500000,0x000000caa1600000] [id=7304]
  0x0000026033d3a5b0 WorkerThread "GC Thread#3" [stack: 0x000000caa1600000,0x000000caa1700000] [id=9952]
  0x0000026016394770 ConcurrentGCThread "G1 Main Marker" [stack: 0x000000caa0300000,0x000000caa0400000] [id=8348]
  0x0000026016394f10 WorkerThread "G1 Conc#0" [stack: 0x000000caa0400000,0x000000caa0500000] [id=2500]
  0x00000260163ceea0 ConcurrentGCThread "G1 Refine#0" [stack: 0x000000caa0500000,0x000000caa0600000] [id=6716]
  0x00000260163cf560 ConcurrentGCThread "G1 Service" [stack: 0x000000caa0600000,0x000000caa0700000] [id=9032]

Threads with active compile tasks:
C2 CompilerThread0    41259 2509       4       java.lang.invoke.InvokerBytecodeGenerator::emitImplicitConversion (161 bytes)
C2 CompilerThread1    41259 2516       4       java.lang.invoke.InvokerBytecodeGenerator::emitPushArgument (150 bytes)

VM state: not at safepoint (normal execution)

VM Mutex/Monitor currently owned by a thread: None

Heap address: 0x0000000080000000, size: 2048 MB, Compressed Oops mode: 32-bit

CDS archive(s) mapped at: [0x0000000800000000-0x0000000800ba0000-0x0000000800ba0000), size 12189696, SharedBaseAddress: 0x0000000800000000, ArchiveRelocationMode: 0.
Compressed class space mapped at: 0x0000000800c00000-0x0000000840c00000, reserved size: 1073741824
Narrow klass base: 0x0000000800000000, Narrow klass shift: 0, Narrow klass range: 0x100000000

GC Precious Log:
 CardTable entry size: 512
 Card Set container configuration: InlinePtr #cards 5 size 8 Array Of Cards #cards 12 size 40 Howl #buckets 4 coarsen threshold 1843 Howl Bitmap #cards 512 size 80 coarsen threshold 460 Card regions per heap region 1 cards per card region 2048
 CPUs: 4 total, 4 available
 Memory: 7094M
 Large Page Support: Disabled
 NUMA Support: Disabled
 Compressed Oops: Enabled (32-bit)
 Heap Region Size: 1M
 Heap Min Capacity: 8M
 Heap Initial Capacity: 112M
 Heap Max Capacity: 2G
 Pre-touch: Disabled
 Parallel Workers: 4
 Concurrent Workers: 1
 Concurrent Refinement Workers: 4
 Periodic GC: Disabled

Heap:
 garbage-first heap   total 114688K, used 25218K [0x0000000080000000, 0x0000000100000000)
  region size 1024K, 16 young (16384K), 9 survivors (9216K)
 Metaspace       used 17020K, committed 17536K, reserved 1114112K
  class space    used 2445K, committed 2688K, reserved 1048576K

Heap Regions: E=young(eden), S=young(survivor), O=old, HS=humongous(starts), HC=humongous(continues), CS=collection set, F=free, OA=open archive, CA=closed archive, TAMS=top-at-mark-start (previous, next)
|   0|0x0000000080000000, 0x0000000080100000, 0x0000000080100000|100%|HS|  |TAMS 0x0000000080000000, 0x0000000080000000| Complete 
|   1|0x0000000080100000, 0x0000000080200000, 0x0000000080200000|100%|HC|  |TAMS 0x0000000080100000, 0x0000000080100000| Complete 
|   2|0x0000000080200000, 0x0000000080300000, 0x0000000080300000|100%|HC|  |TAMS 0x0000000080200000, 0x0000000080200000| Complete 
|   3|0x0000000080300000, 0x0000000080400000, 0x0000000080400000|100%| O|  |TAMS 0x0000000080300000, 0x0000000080300000| Untracked 
|   4|0x0000000080400000, 0x0000000080500000, 0x0000000080500000|100%| O|  |TAMS 0x0000000080400000, 0x0000000080400000| Untracked 
|   5|0x0000000080500000, 0x0000000080600000, 0x0000000080600000|100%| O|  |TAMS 0x0000000080500000, 0x0000000080500000| Untracked 
|   6|0x0000000080600000, 0x0000000080700000, 0x0000000080700000|100%| O|  |TAMS 0x0000000080600000, 0x0000000080600000| Untracked 
|   7|0x0000000080700000, 0x0000000080800000, 0x0000000080800000|100%| O|  |TAMS 0x0000000080700000, 0x0000000080700000| Untracked 
|   8|0x0000000080800000, 0x0000000080800000, 0x0000000080900000|  0%| F|  |TAMS 0x0000000080800000, 0x0000000080800000| Untracked 
|   9|0x0000000080900000, 0x0000000080a00000, 0x0000000080a00000|100%| O|  |TAMS 0x0000000080900000, 0x0000000080900000| Untracked 
|  10|0x0000000080a00000, 0x0000000080aa0a00, 0x0000000080b00000| 62%| O|  |TAMS 0x0000000080a00000, 0x0000000080a00000| Untracked 
|  11|0x0000000080b00000, 0x0000000080b00000, 0x0000000080c00000|  0%| F|  |TAMS 0x0000000080b00000, 0x0000000080b00000| Untracked 
|  12|0x0000000080c00000, 0x0000000080c00000, 0x0000000080d00000|  0%| F|  |TAMS 0x0000000080c00000, 0x0000000080c00000| Untracked 
|  13|0x0000000080d00000, 0x0000000080d00000, 0x0000000080e00000|  0%| F|  |TAMS 0x0000000080d00000, 0x0000000080d00000| Untracked 
|  14|0x0000000080e00000, 0x0000000080e00000, 0x0000000080f00000|  0%| F|  |TAMS 0x0000000080e00000, 0x0000000080e00000| Untracked 
|  15|0x0000000080f00000, 0x0000000080f00000, 0x0000000081000000|  0%| F|  |TAMS 0x0000000080f00000, 0x0000000080f00000| Untracked 
|  16|0x0000000081000000, 0x0000000081000000, 0x0000000081100000|  0%| F|  |TAMS 0x0000000081000000, 0x0000000081000000| Untracked 
|  17|0x0000000081100000, 0x0000000081100000, 0x0000000081200000|  0%| F|  |TAMS 0x0000000081100000, 0x0000000081100000| Untracked 
|  18|0x0000000081200000, 0x0000000081200000, 0x0000000081300000|  0%| F|  |TAMS 0x0000000081200000, 0x0000000081200000| Untracked 
|  19|0x0000000081300000, 0x0000000081300000, 0x0000000081400000|  0%| F|  |TAMS 0x0000000081300000, 0x0000000081300000| Untracked 
|  20|0x0000000081400000, 0x0000000081400000, 0x0000000081500000|  0%| F|  |TAMS 0x0000000081400000, 0x0000000081400000| Untracked 
|  21|0x0000000081500000, 0x0000000081500000, 0x0000000081600000|  0%| F|  |TAMS 0x0000000081500000, 0x0000000081500000| Untracked 
|  22|0x0000000081600000, 0x0000000081600000, 0x0000000081700000|  0%| F|  |TAMS 0x0000000081600000, 0x0000000081600000| Untracked 
|  23|0x0000000081700000, 0x0000000081700000, 0x0000000081800000|  0%| F|  |TAMS 0x0000000081700000, 0x0000000081700000| Untracked 
|  24|0x0000000081800000, 0x0000000081800000, 0x0000000081900000|  0%| F|  |TAMS 0x0000000081800000, 0x0000000081800000| Untracked 
|  25|0x0000000081900000, 0x0000000081900000, 0x0000000081a00000|  0%| F|  |TAMS 0x0000000081900000, 0x0000000081900000| Untracked 
|  26|0x0000000081a00000, 0x0000000081a00000, 0x0000000081b00000|  0%| F|  |TAMS 0x0000000081a00000, 0x0000000081a00000| Untracked 
|  27|0x0000000081b00000, 0x0000000081b00000, 0x0000000081c00000|  0%| F|  |TAMS 0x0000000081b00000, 0x0000000081b00000| Untracked 
|  28|0x0000000081c00000, 0x0000000081c00000, 0x0000000081d00000|  0%| F|  |TAMS 0x0000000081c00000, 0x0000000081c00000| Untracked 
|  29|0x0000000081d00000, 0x0000000081d00000, 0x0000000081e00000|  0%| F|  |TAMS 0x0000000081d00000, 0x0000000081d00000| Untracked 
|  30|0x0000000081e00000, 0x0000000081e00000, 0x0000000081f00000|  0%| F|  |TAMS 0x0000000081e00000, 0x0000000081e00000| Untracked 
|  31|0x0000000081f00000, 0x0000000081f00000, 0x0000000082000000|  0%| F|  |TAMS 0x0000000081f00000, 0x0000000081f00000| Untracked 
|  32|0x0000000082000000, 0x0000000082000000, 0x0000000082100000|  0%| F|  |TAMS 0x0000000082000000, 0x0000000082000000| Untracked 
|  33|0x0000000082100000, 0x0000000082100000, 0x0000000082200000|  0%| F|  |TAMS 0x0000000082100000, 0x0000000082100000| Untracked 
|  34|0x0000000082200000, 0x0000000082200000, 0x0000000082300000|  0%| F|  |TAMS 0x0000000082200000, 0x0000000082200000| Untracked 
|  35|0x0000000082300000, 0x0000000082300000, 0x0000000082400000|  0%| F|  |TAMS 0x0000000082300000, 0x0000000082300000| Untracked 
|  36|0x0000000082400000, 0x0000000082500000, 0x0000000082500000|100%| S|CS|TAMS 0x0000000082400000, 0x0000000082400000| Complete 
|  37|0x0000000082500000, 0x0000000082600000, 0x0000000082600000|100%| S|CS|TAMS 0x0000000082500000, 0x0000000082500000| Complete 
|  38|0x0000000082600000, 0x0000000082700000, 0x0000000082700000|100%| S|CS|TAMS 0x0000000082600000, 0x0000000082600000| Complete 
|  39|0x0000000082700000, 0x0000000082800000, 0x0000000082800000|100%| S|CS|TAMS 0x0000000082700000, 0x0000000082700000| Complete 
|  40|0x0000000082800000, 0x0000000082900000, 0x0000000082900000|100%| S|CS|TAMS 0x0000000082800000, 0x0000000082800000| Complete 
|  41|0x0000000082900000, 0x0000000082a00000, 0x0000000082a00000|100%| S|CS|TAMS 0x0000000082900000, 0x0000000082900000| Complete 
|  42|0x0000000082a00000, 0x0000000082b00000, 0x0000000082b00000|100%| S|CS|TAMS 0x0000000082a00000, 0x0000000082a00000| Complete 
|  43|0x0000000082b00000, 0x0000000082c00000, 0x0000000082c00000|100%| S|CS|TAMS 0x0000000082b00000, 0x0000000082b00000| Complete 
|  44|0x0000000082c00000, 0x0000000082d00000, 0x0000000082d00000|100%| S|CS|TAMS 0x0000000082c00000, 0x0000000082c00000| Complete 
|  45|0x0000000082d00000, 0x0000000082d00000, 0x0000000082e00000|  0%| F|  |TAMS 0x0000000082d00000, 0x0000000082d00000| Untracked 
|  46|0x0000000082e00000, 0x0000000082e00000, 0x0000000082f00000|  0%| F|  |TAMS 0x0000000082e00000, 0x0000000082e00000| Untracked 
|  47|0x0000000082f00000, 0x0000000082f00000, 0x0000000083000000|  0%| F|  |TAMS 0x0000000082f00000, 0x0000000082f00000| Untracked 
|  48|0x0000000083000000, 0x0000000083000000, 0x0000000083100000|  0%| F|  |TAMS 0x0000000083000000, 0x0000000083000000| Untracked 
|  49|0x0000000083100000, 0x0000000083100000, 0x0000000083200000|  0%| F|  |TAMS 0x0000000083100000, 0x0000000083100000| Untracked 
|  50|0x0000000083200000, 0x0000000083200000, 0x0000000083300000|  0%| F|  |TAMS 0x0000000083200000, 0x0000000083200000| Untracked 
|  51|0x0000000083300000, 0x0000000083300000, 0x0000000083400000|  0%| F|  |TAMS 0x0000000083300000, 0x0000000083300000| Untracked 
|  52|0x0000000083400000, 0x0000000083400000, 0x0000000083500000|  0%| F|  |TAMS 0x0000000083400000, 0x0000000083400000| Untracked 
|  53|0x0000000083500000, 0x0000000083500000, 0x0000000083600000|  0%| F|  |TAMS 0x0000000083500000, 0x0000000083500000| Untracked 
|  54|0x0000000083600000, 0x0000000083600000, 0x0000000083700000|  0%| F|  |TAMS 0x0000000083600000, 0x0000000083600000| Untracked 
|  55|0x0000000083700000, 0x0000000083700000, 0x0000000083800000|  0%| F|  |TAMS 0x0000000083700000, 0x0000000083700000| Untracked 
|  56|0x0000000083800000, 0x0000000083800000, 0x0000000083900000|  0%| F|  |TAMS 0x0000000083800000, 0x0000000083800000| Untracked 
|  57|0x0000000083900000, 0x0000000083900000, 0x0000000083a00000|  0%| F|  |TAMS 0x0000000083900000, 0x0000000083900000| Untracked 
|  58|0x0000000083a00000, 0x0000000083a00000, 0x0000000083b00000|  0%| F|  |TAMS 0x0000000083a00000, 0x0000000083a00000| Untracked 
|  59|0x0000000083b00000, 0x0000000083b00000, 0x0000000083c00000|  0%| F|  |TAMS 0x0000000083b00000, 0x0000000083b00000| Untracked 
|  60|0x0000000083c00000, 0x0000000083c00000, 0x0000000083d00000|  0%| F|  |TAMS 0x0000000083c00000, 0x0000000083c00000| Untracked 
|  61|0x0000000083d00000, 0x0000000083d00000, 0x0000000083e00000|  0%| F|  |TAMS 0x0000000083d00000, 0x0000000083d00000| Untracked 
|  62|0x0000000083e00000, 0x0000000083e00000, 0x0000000083f00000|  0%| F|  |TAMS 0x0000000083e00000, 0x0000000083e00000| Untracked 
|  63|0x0000000083f00000, 0x0000000083f00000, 0x0000000084000000|  0%| F|  |TAMS 0x0000000083f00000, 0x0000000083f00000| Untracked 
|  64|0x0000000084000000, 0x0000000084000000, 0x0000000084100000|  0%| F|  |TAMS 0x0000000084000000, 0x0000000084000000| Untracked 
|  65|0x0000000084100000, 0x0000000084100000, 0x0000000084200000|  0%| F|  |TAMS 0x0000000084100000, 0x0000000084100000| Untracked 
|  66|0x0000000084200000, 0x0000000084200000, 0x0000000084300000|  0%| F|  |TAMS 0x0000000084200000, 0x0000000084200000| Untracked 
|  67|0x0000000084300000, 0x0000000084300000, 0x0000000084400000|  0%| F|  |TAMS 0x0000000084300000, 0x0000000084300000| Untracked 
|  68|0x0000000084400000, 0x0000000084400000, 0x0000000084500000|  0%| F|  |TAMS 0x0000000084400000, 0x0000000084400000| Untracked 
|  69|0x0000000084500000, 0x0000000084500000, 0x0000000084600000|  0%| F|  |TAMS 0x0000000084500000, 0x0000000084500000| Untracked 
|  70|0x0000000084600000, 0x0000000084600000, 0x0000000084700000|  0%| F|  |TAMS 0x0000000084600000, 0x0000000084600000| Untracked 
|  71|0x0000000084700000, 0x0000000084700000, 0x0000000084800000|  0%| F|  |TAMS 0x0000000084700000, 0x0000000084700000| Untracked 
|  72|0x0000000084800000, 0x0000000084800000, 0x0000000084900000|  0%| F|  |TAMS 0x0000000084800000, 0x0000000084800000| Untracked 
|  73|0x0000000084900000, 0x0000000084900000, 0x0000000084a00000|  0%| F|  |TAMS 0x0000000084900000, 0x0000000084900000| Untracked 
|  74|0x0000000084a00000, 0x0000000084a00000, 0x0000000084b00000|  0%| F|  |TAMS 0x0000000084a00000, 0x0000000084a00000| Untracked 
|  75|0x0000000084b00000, 0x0000000084b00000, 0x0000000084c00000|  0%| F|  |TAMS 0x0000000084b00000, 0x0000000084b00000| Untracked 
|  76|0x0000000084c00000, 0x0000000084c00000, 0x0000000084d00000|  0%| F|  |TAMS 0x0000000084c00000, 0x0000000084c00000| Untracked 
|  77|0x0000000084d00000, 0x0000000084d00000, 0x0000000084e00000|  0%| F|  |TAMS 0x0000000084d00000, 0x0000000084d00000| Untracked 
|  78|0x0000000084e00000, 0x0000000084e00000, 0x0000000084f00000|  0%| F|  |TAMS 0x0000000084e00000, 0x0000000084e00000| Untracked 
|  79|0x0000000084f00000, 0x0000000084f00000, 0x0000000085000000|  0%| F|  |TAMS 0x0000000084f00000, 0x0000000084f00000| Untracked 
|  80|0x0000000085000000, 0x0000000085000000, 0x0000000085100000|  0%| F|  |TAMS 0x0000000085000000, 0x0000000085000000| Untracked 
|  81|0x0000000085100000, 0x0000000085100000, 0x0000000085200000|  0%| F|  |TAMS 0x0000000085100000, 0x0000000085100000| Untracked 
|  82|0x0000000085200000, 0x0000000085200000, 0x0000000085300000|  0%| F|  |TAMS 0x0000000085200000, 0x0000000085200000| Untracked 
|  83|0x0000000085300000, 0x0000000085300000, 0x0000000085400000|  0%| F|  |TAMS 0x0000000085300000, 0x0000000085300000| Untracked 
|  84|0x0000000085400000, 0x0000000085400000, 0x0000000085500000|  0%| F|  |TAMS 0x0000000085400000, 0x0000000085400000| Untracked 
|  85|0x0000000085500000, 0x0000000085500000, 0x0000000085600000|  0%| F|  |TAMS 0x0000000085500000, 0x0000000085500000| Untracked 
|  86|0x0000000085600000, 0x0000000085600000, 0x0000000085700000|  0%| F|  |TAMS 0x0000000085600000, 0x0000000085600000| Untracked 
|  87|0x0000000085700000, 0x0000000085700000, 0x0000000085800000|  0%| F|  |TAMS 0x0000000085700000, 0x0000000085700000| Untracked 
|  88|0x0000000085800000, 0x0000000085800000, 0x0000000085900000|  0%| F|  |TAMS 0x0000000085800000, 0x0000000085800000| Untracked 
|  89|0x0000000085900000, 0x0000000085900000, 0x0000000085a00000|  0%| F|  |TAMS 0x0000000085900000, 0x0000000085900000| Untracked 
|  90|0x0000000085a00000, 0x0000000085a00000, 0x0000000085b00000|  0%| F|  |TAMS 0x0000000085a00000, 0x0000000085a00000| Untracked 
|  91|0x0000000085b00000, 0x0000000085b00000, 0x0000000085c00000|  0%| F|  |TAMS 0x0000000085b00000, 0x0000000085b00000| Untracked 
|  92|0x0000000085c00000, 0x0000000085c00000, 0x0000000085d00000|  0%| F|  |TAMS 0x0000000085c00000, 0x0000000085c00000| Untracked 
|  93|0x0000000085d00000, 0x0000000085d00000, 0x0000000085e00000|  0%| F|  |TAMS 0x0000000085d00000, 0x0000000085d00000| Untracked 
|  94|0x0000000085e00000, 0x0000000085e00000, 0x0000000085f00000|  0%| F|  |TAMS 0x0000000085e00000, 0x0000000085e00000| Untracked 
|  95|0x0000000085f00000, 0x0000000085f00000, 0x0000000086000000|  0%| F|  |TAMS 0x0000000085f00000, 0x0000000085f00000| Untracked 
|  96|0x0000000086000000, 0x0000000086000000, 0x0000000086100000|  0%| F|  |TAMS 0x0000000086000000, 0x0000000086000000| Untracked 
|  97|0x0000000086100000, 0x0000000086100000, 0x0000000086200000|  0%| F|  |TAMS 0x0000000086100000, 0x0000000086100000| Untracked 
|  98|0x0000000086200000, 0x0000000086200000, 0x0000000086300000|  0%| F|  |TAMS 0x0000000086200000, 0x0000000086200000| Untracked 
|  99|0x0000000086300000, 0x0000000086300000, 0x0000000086400000|  0%| F|  |TAMS 0x0000000086300000, 0x0000000086300000| Untracked 
| 100|0x0000000086400000, 0x0000000086400000, 0x0000000086500000|  0%| F|  |TAMS 0x0000000086400000, 0x0000000086400000| Untracked 
| 101|0x0000000086500000, 0x0000000086500000, 0x0000000086600000|  0%| F|  |TAMS 0x0000000086500000, 0x0000000086500000| Untracked 
| 102|0x0000000086600000, 0x0000000086600000, 0x0000000086700000|  0%| F|  |TAMS 0x0000000086600000, 0x0000000086600000| Untracked 
| 103|0x0000000086700000, 0x0000000086700000, 0x0000000086800000|  0%| F|  |TAMS 0x0000000086700000, 0x0000000086700000| Untracked 
| 104|0x0000000086800000, 0x0000000086800000, 0x0000000086900000|  0%| F|  |TAMS 0x0000000086800000, 0x0000000086800000| Untracked 
| 105|0x0000000086900000, 0x0000000086980748, 0x0000000086a00000| 50%| E|  |TAMS 0x0000000086900000, 0x0000000086900000| Complete 
| 106|0x0000000086a00000, 0x0000000086b00000, 0x0000000086b00000|100%| E|CS|TAMS 0x0000000086a00000, 0x0000000086a00000| Complete 
| 107|0x0000000086b00000, 0x0000000086c00000, 0x0000000086c00000|100%| E|CS|TAMS 0x0000000086b00000, 0x0000000086b00000| Complete 
| 108|0x0000000086c00000, 0x0000000086d00000, 0x0000000086d00000|100%| E|CS|TAMS 0x0000000086c00000, 0x0000000086c00000| Complete 
| 109|0x0000000086d00000, 0x0000000086e00000, 0x0000000086e00000|100%| E|CS|TAMS 0x0000000086d00000, 0x0000000086d00000| Complete 
| 110|0x0000000086e00000, 0x0000000086f00000, 0x0000000086f00000|100%| E|CS|TAMS 0x0000000086e00000, 0x0000000086e00000| Complete 
| 111|0x0000000086f00000, 0x0000000087000000, 0x0000000087000000|100%| E|CS|TAMS 0x0000000086f00000, 0x0000000086f00000| Complete 

Card table byte_map: [0x000002602d060000,0x000002602d460000] _byte_map_base: 0x000002602cc60000

Marking Bits (Prev, Next): (CMBitMap*) 0x0000026016383e40, (CMBitMap*) 0x0000026016383e80
 Prev Bits: [0x000002602d860000, 0x000002602f860000)
 Next Bits: [0x000002602f860000, 0x0000026031860000)

Polling page: 0x00000260142b0000

Metaspace:

Usage:
  Non-class:     14.23 MB used.
      Class:      2.39 MB used.
       Both:     16.62 MB used.

Virtual space:
  Non-class space:       64.00 MB reserved,      14.50 MB ( 23%) committed,  1 nodes.
      Class space:        1.00 GB reserved,       2.62 MB ( <1%) committed,  1 nodes.
             Both:        1.06 GB reserved,      17.12 MB (  2%) committed. 

Chunk freelists:
   Non-Class:  1.17 MB
       Class:  1.32 MB
        Both:  2.50 MB

MaxMetaspaceSize: unlimited
CompressedClassSpaceSize: 1.00 GB
Initial GC threshold: 21.00 MB
Current GC threshold: 21.00 MB
CDS: on
MetaspaceReclaimPolicy: balanced
 - commit_granule_bytes: 65536.
 - commit_granule_words: 8192.
 - virtual_space_node_default_size: 8388608.
 - enlarge_chunks_in_place: 1.
 - new_chunks_are_fully_committed: 0.
 - uncommit_free_chunks: 1.
 - use_allocation_guard: 0.


Internal statistics:

num_allocs_failed_limit: 0.
num_arena_births: 714.
num_arena_deaths: 0.
num_vsnodes_births: 2.
num_vsnodes_deaths: 0.
num_space_committed: 274.
num_space_uncommitted: 0.
num_chunks_returned_to_freelist: 0.
num_chunks_taken_from_freelist: 1350.
num_chunk_merges: 0.
num_chunk_splits: 885.
num_chunks_enlarged: 593.
num_inconsistent_stats: 0.

CodeHeap 'non-profiled nmethods': size=120000Kb used=1169Kb max_used=1169Kb free=118830Kb
 bounds [0x0000026025730000, 0x00000260259a0000, 0x000002602cc60000]
CodeHeap 'profiled nmethods': size=120000Kb used=5214Kb max_used=5214Kb free=114785Kb
 bounds [0x000002601e200000, 0x000002601e720000, 0x0000026025730000]
CodeHeap 'non-nmethods': size=5760Kb used=1233Kb max_used=1272Kb free=4527Kb
 bounds [0x000002601dc60000, 0x000002601ded0000, 0x000002601e200000]
 total_blobs=3049 nmethods=2522 adapters=440
 compilation: enabled
              stopped_count=0, restarted_count=0
 full_count=0

Compilation events (20 events):
Event: 41.077 Thread 0x0000026033d3e810 nmethod 2510 0x000002601e70c010 code [0x000002601e70c1e0, 0x000002601e70c758]
Event: 41.078 Thread 0x0000026033d3e810 2511       3       java.lang.reflect.ProxyGenerator$ProxyMethod::emitIconstInsn (75 bytes)
Event: 41.080 Thread 0x0000026033d3e810 nmethod 2511 0x000002601e70c890 code [0x000002601e70cac0, 0x000002601e70d398]
Event: 41.081 Thread 0x0000026033cee260 nmethod 2508 0x0000026025853410 code [0x0000026025853620, 0x0000026025853a20]
Event: 41.081 Thread 0x0000026033cee260 2509       4       java.lang.invoke.InvokerBytecodeGenerator::emitImplicitConversion (161 bytes)
Event: 41.082 Thread 0x0000026033d3e810 2512       3       java.util.Arrays::asList (9 bytes)
Event: 41.084 Thread 0x0000026033d3e810 nmethod 2512 0x000002601e70d610 code [0x000002601e70d7e0, 0x000002601e70dc68]
Event: 41.114 Thread 0x0000026033d3e810 2513       3       java.lang.invoke.LambdaFormBuffer::replaceParameterByCopy (38 bytes)
Event: 41.116 Thread 0x0000026033d3e810 nmethod 2513 0x000002601e70de10 code [0x000002601e70dfc0, 0x000002601e70e198]
Event: 41.116 Thread 0x0000026033d3e810 2514       3       java.lang.invoke.LambdaFormBuffer::noteDuplicate (115 bytes)
Event: 41.118 Thread 0x0000026033d3e810 nmethod 2514 0x000002601e70e290 code [0x000002601e70e4a0, 0x000002601e70eca8]
Event: 41.149 Thread 0x0000026033d3e810 2517       3       org.gradle.internal.service.DefaultServiceRegistry::isSatisfiedBy (44 bytes)
Event: 41.150 Thread 0x0000026033d3e810 nmethod 2517 0x000002601e70ef90 code [0x000002601e70f1a0, 0x000002601e70f928]
Event: 41.150 Thread 0x0000026033d3e810 2518       3       org.gradle.internal.service.DefaultServiceRegistry$SingletonService::getService (18 bytes)
Event: 41.151 Thread 0x0000026033d3e810 nmethod 2518 0x000002601e70fa90 code [0x000002601e70fc60, 0x000002601e70fe98]
Event: 41.151 Thread 0x0000026033d3e810 2519       3       org.gradle.internal.service.DefaultServiceRegistry::access$1300 (6 bytes)
Event: 41.151 Thread 0x0000026033d3e810 nmethod 2519 0x000002601e70ff90 code [0x000002601e710120, 0x000002601e710228]
Event: 41.151 Thread 0x0000026033d3e810 2520       3       java.lang.invoke.MemberName::asSpecial (89 bytes)
Event: 41.154 Thread 0x0000026033d3e810 nmethod 2520 0x000002601e710310 code [0x000002601e7105e0, 0x000002601e7112e8]
Event: 41.154 Thread 0x0000026033d3e810 2521       3       java.lang.invoke.LambdaFormEditor::makeArgumentCombinationForm (515 bytes)

GC Heap History (8 events):
Event: 4.767 GC heap before
{Heap before GC invocations=0 (full 0):
 garbage-first heap   total 114688K, used 15360K [0x0000000080000000, 0x0000000100000000)
  region size 1024K, 13 young (13312K), 0 survivors (0K)
 Metaspace       used 911K, committed 1088K, reserved 1114112K
  class space    used 68K, committed 128K, reserved 1048576K
}
Event: 4.791 GC heap after
{Heap after GC invocations=1 (full 0):
 garbage-first heap   total 114688K, used 4144K [0x0000000080000000, 0x0000000100000000)
  region size 1024K, 2 young (2048K), 2 survivors (2048K)
 Metaspace       used 911K, committed 1088K, reserved 1114112K
  class space    used 68K, committed 128K, reserved 1048576K
}
Event: 13.242 GC heap before
{Heap before GC invocations=1 (full 0):
 garbage-first heap   total 114688K, used 21552K [0x0000000080000000, 0x0000000100000000)
  region size 1024K, 16 young (16384K), 2 survivors (2048K)
 Metaspace       used 3846K, committed 4032K, reserved 1114112K
  class space    used 472K, committed 576K, reserved 1048576K
}
Event: 13.256 GC heap after
{Heap after GC invocations=2 (full 0):
 garbage-first heap   total 114688K, used 9361K [0x0000000080000000, 0x0000000100000000)
  region size 1024K, 2 young (2048K), 2 survivors (2048K)
 Metaspace       used 3846K, committed 4032K, reserved 1114112K
  class space    used 472K, committed 576K, reserved 1048576K
}
Event: 23.024 GC heap before
{Heap before GC invocations=2 (full 0):
 garbage-first heap   total 114688K, used 28817K [0x0000000080000000, 0x0000000100000000)
  region size 1024K, 21 young (21504K), 2 survivors (2048K)
 Metaspace       used 3949K, committed 4160K, reserved 1114112K
  class space    used 473K, committed 576K, reserved 1048576K
}
Event: 23.037 GC heap after
{Heap after GC invocations=3 (full 0):
 garbage-first heap   total 114688K, used 11665K [0x0000000080000000, 0x0000000100000000)
  region size 1024K, 3 young (3072K), 3 survivors (3072K)
 Metaspace       used 3949K, committed 4160K, reserved 1114112K
  class space    used 473K, committed 576K, reserved 1048576K
}
Event: 40.202 GC heap before
{Heap before GC invocations=3 (full 0):
 garbage-first heap   total 114688K, used 76177K [0x0000000080000000, 0x0000000100000000)
  region size 1024K, 67 young (68608K), 3 survivors (3072K)
 Metaspace       used 16104K, committed 16640K, reserved 1114112K
  class space    used 2291K, committed 2560K, reserved 1048576K
}
Event: 40.237 GC heap after
{Heap after GC invocations=4 (full 0):
 garbage-first heap   total 114688K, used 19074K [0x0000000080000000, 0x0000000100000000)
  region size 1024K, 9 young (9216K), 9 survivors (9216K)
 Metaspace       used 16104K, committed 16640K, reserved 1114112K
  class space    used 2291K, committed 2560K, reserved 1048576K
}

Deoptimization events (20 events):
Event: 39.638 Thread 0x00000260381376e0 Uncommon trap: trap_request=0xffffff45 fr.pc=0x00000260258201ec relative=0x000000000000024c
Event: 39.638 Thread 0x00000260381376e0 Uncommon trap: reason=unstable_if action=reinterpret pc=0x00000260258201ec method=java.util.HashMap.getNode(Ljava/lang/Object;)Ljava/util/HashMap$Node; @ 66 c2
Event: 39.638 Thread 0x00000260381376e0 DEOPT PACKING pc=0x00000260258201ec sp=0x000000caa1dfb9d0
Event: 39.638 Thread 0x00000260381376e0 DEOPT UNPACKING pc=0x000002601dcb23a3 sp=0x000000caa1dfb8e0 mode 2
Event: 39.638 Thread 0x00000260381376e0 Uncommon trap: trap_request=0xffffffc6 fr.pc=0x000002602581b634 relative=0x0000000000000e74
Event: 39.638 Thread 0x00000260381376e0 Uncommon trap: reason=bimorphic_or_optimized_type_check action=maybe_recompile pc=0x000002602581b634 method=java.util.HashMap.putVal(ILjava/lang/Object;Ljava/lang/Object;ZZ)Ljava/lang/Object; @ 91 c2
Event: 39.638 Thread 0x00000260381376e0 DEOPT PACKING pc=0x000002602581b634 sp=0x000000caa1dfb8e0
Event: 39.638 Thread 0x00000260381376e0 DEOPT UNPACKING pc=0x000002601dcb23a3 sp=0x000000caa1dfb880 mode 2
Event: 39.639 Thread 0x00000260381376e0 Uncommon trap: trap_request=0xffffff45 fr.pc=0x000002602580b4a4 relative=0x0000000000000204
Event: 39.639 Thread 0x00000260381376e0 Uncommon trap: reason=unstable_if action=reinterpret pc=0x000002602580b4a4 method=java.util.HashMap.getNode(Ljava/lang/Object;)Ljava/util/HashMap$Node; @ 66 c2
Event: 39.639 Thread 0x00000260381376e0 DEOPT PACKING pc=0x000002602580b4a4 sp=0x000000caa1dfb960
Event: 39.639 Thread 0x00000260381376e0 DEOPT UNPACKING pc=0x000002601dcb23a3 sp=0x000000caa1dfb8e0 mode 2
Event: 39.639 Thread 0x00000260381376e0 Uncommon trap: trap_request=0xffffffc6 fr.pc=0x000002602581b634 relative=0x0000000000000e74
Event: 39.639 Thread 0x00000260381376e0 Uncommon trap: reason=bimorphic_or_optimized_type_check action=maybe_recompile pc=0x000002602581b634 method=java.util.HashMap.putVal(ILjava/lang/Object;Ljava/lang/Object;ZZ)Ljava/lang/Object; @ 91 c2
Event: 39.639 Thread 0x00000260381376e0 DEOPT PACKING pc=0x000002602581b634 sp=0x000000caa1dfb8e0
Event: 39.639 Thread 0x00000260381376e0 DEOPT UNPACKING pc=0x000002601dcb23a3 sp=0x000000caa1dfb880 mode 2
Event: 39.717 Thread 0x00000260381376e0 Uncommon trap: trap_request=0xffffff45 fr.pc=0x00000260257b7bac relative=0x000000000000028c
Event: 39.717 Thread 0x00000260381376e0 Uncommon trap: reason=unstable_if action=reinterpret pc=0x00000260257b7bac method=java.util.concurrent.ConcurrentHashMap.get(Ljava/lang/Object;)Ljava/lang/Object; @ 152 c2
Event: 39.717 Thread 0x00000260381376e0 DEOPT PACKING pc=0x00000260257b7bac sp=0x000000caa1dfae30
Event: 39.717 Thread 0x00000260381376e0 DEOPT UNPACKING pc=0x000002601dcb23a3 sp=0x000000caa1dfad98 mode 2

Classes loaded (20 events):
Event: 39.677 Loading class sun/reflect/generics/tree/Wildcard
Event: 39.677 Loading class sun/reflect/generics/tree/Wildcard done
Event: 39.677 Loading class sun/reflect/generics/reflectiveObjects/WildcardTypeImpl
Event: 39.678 Loading class sun/reflect/generics/reflectiveObjects/WildcardTypeImpl done
Event: 39.686 Loading class java/lang/annotation/ElementType
Event: 39.687 Loading class java/lang/annotation/ElementType done
Event: 39.709 Loading class java/lang/Deprecated
Event: 39.710 Loading class java/lang/Deprecated done
Event: 39.715 Loading class jdk/internal/vm/annotation/IntrinsicCandidate
Event: 39.716 Loading class jdk/internal/vm/annotation/IntrinsicCandidate done
Event: 40.023 Loading class java/util/ConcurrentModificationException
Event: 40.024 Loading class java/util/ConcurrentModificationException done
Event: 41.010 Loading class java/util/concurrent/atomic/AtomicReferenceFieldUpdater
Event: 41.011 Loading class java/util/concurrent/atomic/AtomicReferenceFieldUpdater done
Event: 41.011 Loading class java/util/concurrent/atomic/AtomicReferenceFieldUpdater$AtomicReferenceFieldUpdaterImpl
Event: 41.012 Loading class java/util/concurrent/atomic/AtomicReferenceFieldUpdater$AtomicReferenceFieldUpdaterImpl done
Event: 41.012 Loading class java/util/concurrent/atomic/AtomicReferenceFieldUpdater$AtomicReferenceFieldUpdaterImpl$1
Event: 41.012 Loading class java/util/concurrent/atomic/AtomicReferenceFieldUpdater$AtomicReferenceFieldUpdaterImpl$1 done
Event: 41.013 Loading class sun/reflect/misc/ReflectUtil
Event: 41.015 Loading class sun/reflect/misc/ReflectUtil done

Classes unloaded (0 events):
No events

Classes redefined (0 events):
No events

Internal exceptions (20 events):
Event: 36.667 Thread 0x00000260381376e0 Exception <a 'java/lang/NoSuchMethodError'{0x0000000084342630}: 'void java.lang.invoke.DirectMethodHandle$Holder.invokeSpecial(java.lang.Object, java.lang.Object, java.lang.Object)'> (0x0000000084342630) 
thrown [s\open\src\hotspot\share\interpreter\linkResolver.cpp, line 759]
Event: 36.734 Thread 0x00000260381376e0 Exception <a 'java/lang/NoSuchMethodError'{0x00000000843bc938}: 'void java.lang.invoke.DirectMethodHandle$Holder.invokeStaticInit(java.lang.Object)'> (0x00000000843bc938) 
thrown [s\open\src\hotspot\share\interpreter\linkResolver.cpp, line 759]
Event: 36.835 Thread 0x00000260381376e0 Exception <a 'java/lang/NoSuchMethodError'{0x0000000084258460}: 'java.lang.Object java.lang.invoke.DirectMethodHandle$Holder.newInvokeSpecial(java.lang.Object, java.lang.Object, java.lang.Object, int)'> (0x0000000084258460) 
thrown [s\open\src\hotspot\share\interpreter\linkResolver.cpp, line 759]
Event: 36.838 Thread 0x00000260381376e0 Exception <a 'java/lang/NoSuchMethodError'{0x000000008425d2e8}: 'java.lang.Object java.lang.invoke.DirectMethodHandle$Holder.invokeSpecial(java.lang.Object, java.lang.Object, java.lang.Object, java.lang.Object, int)'> (0x000000008425d2e8) 
thrown [s\open\src\hotspot\share\interpreter\linkResolver.cpp, line 759]
Event: 36.839 Thread 0x00000260381376e0 Exception <a 'java/lang/NoSuchMethodError'{0x0000000084261950}: 'java.lang.Object java.lang.invoke.Invokers$Holder.linkToTargetMethod(java.lang.Object, java.lang.Object, int, java.lang.Object)'> (0x0000000084261950) 
thrown [s\open\src\hotspot\share\interpreter\linkResolver.cpp, line 759]
Event: 37.629 Thread 0x00000260381376e0 Exception <a 'java/lang/NoSuchMethodError'{0x0000000083d674d0}: 'java.lang.Object java.lang.invoke.DirectMethodHandle$Holder.invokeVirtual(java.lang.Object, java.lang.Object, java.lang.Object, java.lang.Object, java.lang.Object, java.lang.Object, java.lang.Object, java.lang.Object, java.lang.Object, java.lang.Object)'> (0x0000000083d674d0) 
thrown [s\open\src\hotspot\share\interpreter\linkResolver.cpp, line 759]
Event: 37.633 Thread 0x00000260381376e0 Exception <a 'java/lang/NoSuchMethodError'{0x0000000083d6c058}: 'java.lang.Object java.lang.invoke.DirectMethodHandle$Holder.invokeSpecial(java.lang.Object, java.lang.Object, java.lang.Object, java.lang.Object, java.lang.Object, java.lang.Object, java.lang.Object, java.lang.Object, java.lang.Object, java.lang.Object, java.lang.Object)'> (0x0000000083d6c058) 
thrown [s\open\src\hotspot\share\interpreter\linkResolver.cpp, line 759]
Event: 37.773 Thread 0x00000260381376e0 Exception <a 'java/lang/NoSuchMethodError'{0x0000000083c52790}: 'int java.lang.invoke.DirectMethodHandle$Holder.invokeSpecialIFC(java.lang.Object, java.lang.Object, java.lang.Object, java.lang.Object)'> (0x0000000083c52790) 
thrown [s\open\src\hotspot\share\interpreter\linkResolver.cpp, line 759]
Event: 37.783 Thread 0x00000260381376e0 Exception <a 'java/lang/NoSuchMethodError'{0x0000000083c61ba0}: 'java.lang.Object java.lang.invoke.DirectMethodHandle$Holder.invokeInterface(java.lang.Object, java.lang.Object, java.lang.Object)'> (0x0000000083c61ba0) 
thrown [s\open\src\hotspot\share\interpreter\linkResolver.cpp, line 759]
Event: 37.785 Thread 0x00000260381376e0 Exception <a 'java/lang/IncompatibleClassChangeError'{0x0000000083c657b0}: Found class java.lang.Object, but interface was expected> (0x0000000083c657b0) 
thrown [s\open\src\hotspot\share\interpreter\linkResolver.cpp, line 826]
Event: 37.803 Thread 0x00000260381376e0 Exception <a 'java/lang/NoSuchMethodError'{0x0000000083c79460}: 'java.lang.Object java.lang.invoke.DirectMethodHandle$Holder.newInvokeSpecial(java.lang.Object, java.lang.Object, java.lang.Object, java.lang.Object, java.lang.Object, java.lang.Object, java.lang.Object, java.lang.Object, java.lang.Object, java.lang.Object)'> (0x0000000083c79460) 
thrown [s\open\src\hotspot\share\interpreter\linkResolver.cpp, line 759]
Event: 38.244 Thread 0x00000260381376e0 Exception <a 'java/lang/NoSuchMethodError'{0x00000000839600b8}: 'int java.lang.invoke.DirectMethodHandle$Holder.invokeStatic(java.lang.Object, java.lang.Object, java.lang.Object, java.lang.Object)'> (0x00000000839600b8) 
thrown [s\open\src\hotspot\share\interpreter\linkResolver.cpp, line 759]
Event: 38.254 Thread 0x00000260381376e0 Exception <a 'java/lang/NoSuchMethodError'{0x000000008396db78}: 'java.lang.Object java.lang.invoke.DirectMethodHandle$Holder.newInvokeSpecial(java.lang.Object, java.lang.Object, java.lang.Object, java.lang.Object, java.lang.Object, java.lang.Object)'> (0x000000008396db78) 
thrown [s\open\src\hotspot\share\interpreter\linkResolver.cpp, line 759]
Event: 38.348 Thread 0x00000260381376e0 Exception <a 'java/lang/NoSuchMethodError'{0x0000000083831780}: 'java.lang.Object java.lang.invoke.DirectMethodHandle$Holder.invokeVirtual(java.lang.Object, java.lang.Object, java.lang.Object, java.lang.Object, java.lang.Object, java.lang.Object, java.lang.Object, java.lang.Object, java.lang.Object, java.lang.Object, java.lang.Object, java.lang.Object, java.lang.Object, java.lang.Object, java.lang.Object, java.lang.Object, java.lang.Object, java.lang.Object, java.lang.Object, java.lang.Object)'> (0x0000000
Event: 38.351 Thread 0x00000260381376e0 Exception <a 'java/lang/NoSuchMethodError'{0x0000000083837398}: 'java.lang.Object java.lang.invoke.DirectMethodHandle$Holder.invokeSpecial(java.lang.Object, java.lang.Object, java.lang.Object, java.lang.Object, java.lang.Object, java.lang.Object, java.lang.Object, java.lang.Object, java.lang.Object, java.lang.Object, java.lang.Object, java.lang.Object, java.lang.Object, java.lang.Object, java.lang.Object, java.lang.Object, java.lang.Object, java.lang.Object, java.lang.Object, java.lang.Object, java.lang.Ob
Event: 38.352 Thread 0x00000260381376e0 Exception <a 'java/lang/NoSuchMethodError'{0x000000008383c848}: 'java.lang.Object java.lang.invoke.DelegatingMethodHandle$Holder.reinvoke_L(java.lang.Object, java.lang.Object, java.lang.Object, java.lang.Object, java.lang.Object, java.lang.Object, java.lang.Object, java.lang.Object, java.lang.Object, java.lang.Object, java.lang.Object, java.lang.Object, java.lang.Object, java.lang.Object, java.lang.Object, java.lang.Object, java.lang.Object, java.lang.Object, java.lang.Object, java.lang.Object)'> (0x000000
Event: 38.439 Thread 0x00000260381376e0 Exception <a 'java/lang/NoSuchMethodError'{0x00000000838e02b0}: 'java.lang.Object java.lang.invoke.DirectMethodHandle$Holder.invokeInterface(java.lang.Object, java.lang.Object)'> (0x00000000838e02b0) 
thrown [s\open\src\hotspot\share\interpreter\linkResolver.cpp, line 759]
Event: 39.290 Thread 0x00000260381376e0 Exception <a 'java/lang/NoSuchMethodError'{0x000000008313ce88}: 'void java.lang.invoke.DirectMethodHandle$Holder.invokeStatic(java.lang.Object, java.lang.Object)'> (0x000000008313ce88) 
thrown [s\open\src\hotspot\share\interpreter\linkResolver.cpp, line 759]
Event: 40.034 Thread 0x00000260381376e0 Exception <a 'java/lang/NoSuchMethodError'{0x0000000082db2758}: 'void java.lang.invoke.DirectMethodHandle$Holder.invokeSpecial(java.lang.Object, java.lang.Object, java.lang.Object, java.lang.Object, java.lang.Object, java.lang.Object, java.lang.Object)'> (0x0000000082db2758) 
thrown [s\open\src\hotspot\share\interpreter\linkResolver.cpp, line 759]
Event: 41.036 Thread 0x00000260381376e0 Exception <a 'java/lang/NoSuchMethodError'{0x0000000086bf7cb8}: 'int java.lang.invoke.DirectMethodHandle$Holder.invokeStaticInit(java.lang.Object, java.lang.Object, java.lang.Object)'> (0x0000000086bf7cb8) 
thrown [s\open\src\hotspot\share\interpreter\linkResolver.cpp, line 759]

VM Operations (20 events):
Event: 32.886 Executing VM operation: Cleanup
Event: 32.887 Executing VM operation: Cleanup done
Event: 33.903 Executing VM operation: Cleanup
Event: 33.957 Executing VM operation: Cleanup done
Event: 34.960 Executing VM operation: Cleanup
Event: 34.961 Executing VM operation: Cleanup done
Event: 35.840 Executing VM operation: HandshakeAllThreads
Event: 35.841 Executing VM operation: HandshakeAllThreads done
Event: 35.842 Executing VM operation: HandshakeAllThreads
Event: 35.842 Executing VM operation: HandshakeAllThreads done
Event: 36.854 Executing VM operation: Cleanup
Event: 36.871 Executing VM operation: Cleanup done
Event: 37.875 Executing VM operation: Cleanup
Event: 37.875 Executing VM operation: Cleanup done
Event: 38.883 Executing VM operation: Cleanup
Event: 38.884 Executing VM operation: Cleanup done
Event: 39.895 Executing VM operation: Cleanup
Event: 39.895 Executing VM operation: Cleanup done
Event: 40.202 Executing VM operation: G1CollectForAllocation
Event: 40.237 Executing VM operation: G1CollectForAllocation done

Events (20 events):
Event: 5.904 Loaded shared library C:\Users\acer\.gradle\native\0d407fdbe67a94daf76414ababcb853783967236a71b16ec16e742cd7a986fd3\windows-amd64\native-platform-file-events.dll
Event: 26.188 Loaded shared library C:\Program Files\Java\jdk-18.0.2\bin\management.dll
Event: 26.212 Loaded shared library C:\Program Files\Java\jdk-18.0.2\bin\management_ext.dll
Event: 26.644 Thread 0x0000026038135ed0 Thread added: 0x0000026038135ed0
Event: 31.480 Thread 0x0000026038136870 Thread added: 0x0000026038136870
Event: 32.244 Thread 0x00000260381363a0 Thread added: 0x00000260381363a0
Event: 32.316 Thread 0x0000026038136d40 Thread added: 0x0000026038136d40
Event: 32.360 Thread 0x0000026038138080 Thread added: 0x0000026038138080
Event: 32.895 Thread 0x0000026038137bb0 Thread added: 0x0000026038137bb0
Event: 33.146 Thread 0x00000260381376e0 Thread added: 0x00000260381376e0
Event: 33.300 Thread 0x0000026038138550 Thread added: 0x0000026038138550
Event: 33.365 Thread 0x0000026038135a00 Thread added: 0x0000026038135a00
Event: 33.446 Thread 0x0000026038138a20 Thread added: 0x0000026038138a20
Event: 35.807 Thread 0x00000260389de480 Thread added: 0x00000260389de480
Event: 35.960 Thread 0x00000260389de480 Thread exited: 0x00000260389de480
Event: 36.815 Thread 0x0000026038135060 Thread added: 0x0000026038135060
Event: 36.953 Thread 0x0000026038135530 Thread added: 0x0000026038135530
Event: 37.394 Thread 0x00000260392e6aa0 Thread added: 0x00000260392e6aa0
Event: 38.396 Thread 0x000002603839f4b0 Thread added: 0x000002603839f4b0
Event: 38.770 Thread 0x000002603839f4b0 Thread exited: 0x000002603839f4b0


Dynamic libraries:
0x00007ff7fbe10000 - 0x00007ff7fbe20000 	C:\Program Files\Java\jdk-18.0.2\bin\java.exe
0x00007ff97a9b0000 - 0x00007ff97aba8000 	C:\WINDOWS\SYSTEM32\ntdll.dll
0x00007ff9795d0000 - 0x00007ff97968f000 	C:\WINDOWS\System32\KERNEL32.DLL
0x00007ff9782a0000 - 0x00007ff978572000 	C:\WINDOWS\System32\KERNELBASE.dll
0x00007ff978130000 - 0x00007ff978230000 	C:\WINDOWS\System32\ucrtbase.dll
0x00007ff964e80000 - 0x00007ff964e9a000 	C:\Program Files\Java\jdk-18.0.2\bin\VCRUNTIME140.dll
0x00007ff964e60000 - 0x00007ff964e78000 	C:\Program Files\Java\jdk-18.0.2\bin\jli.dll
0x00007ff979700000 - 0x00007ff9797ae000 	C:\WINDOWS\System32\ADVAPI32.dll
0x00007ff979430000 - 0x00007ff9794ce000 	C:\WINDOWS\System32\msvcrt.dll
0x00007ff979e90000 - 0x00007ff979f2c000 	C:\WINDOWS\System32\sechost.dll
0x00007ff97a7a0000 - 0x00007ff97a8c5000 	C:\WINDOWS\System32\RPCRT4.dll
0x00007ff978ff0000 - 0x00007ff979191000 	C:\WINDOWS\System32\USER32.dll
0x00007ff9789c0000 - 0x00007ff9789e2000 	C:\WINDOWS\System32\win32u.dll
0x00007ff9795a0000 - 0x00007ff9795cb000 	C:\WINDOWS\System32\GDI32.dll
0x00007ff978580000 - 0x00007ff97868f000 	C:\WINDOWS\System32\gdi32full.dll
0x00007ff978690000 - 0x00007ff97872d000 	C:\WINDOWS\System32\msvcp_win.dll
0x00007ff964820000 - 0x00007ff964aba000 	C:\WINDOWS\WinSxS\amd64_microsoft.windows.common-controls_6595b64144ccf1df_6.0.19041.1110_none_60b5254171f9507e\COMCTL32.dll
0x00007ff96fd40000 - 0x00007ff96fd4a000 	C:\WINDOWS\SYSTEM32\VERSION.dll
0x00007ff979340000 - 0x00007ff979372000 	C:\WINDOWS\System32\IMM32.DLL
0x00007ff968080000 - 0x00007ff96808c000 	C:\Program Files\Java\jdk-18.0.2\bin\vcruntime140_1.dll
0x00007ff935d40000 - 0x00007ff935dcd000 	C:\Program Files\Java\jdk-18.0.2\bin\msvcp140.dll
0x00007ff932ee0000 - 0x00007ff933af1000 	C:\Program Files\Java\jdk-18.0.2\bin\server\jvm.dll
0x00007ff9797d0000 - 0x00007ff9797d8000 	C:\WINDOWS\System32\PSAPI.DLL
0x00007ff96fd10000 - 0x00007ff96fd37000 	C:\WINDOWS\SYSTEM32\WINMM.dll
0x00007ff968150000 - 0x00007ff968159000 	C:\WINDOWS\SYSTEM32\WSOCK32.dll
0x00007ff979690000 - 0x00007ff9796fb000 	C:\WINDOWS\System32\WS2_32.dll
0x00007ff975f60000 - 0x00007ff975f72000 	C:\WINDOWS\SYSTEM32\kernel.appcore.dll
0x00007ff964e50000 - 0x00007ff964e5a000 	C:\Program Files\Java\jdk-18.0.2\bin\jimage.dll
0x00007ff96b800000 - 0x00007ff96b9e4000 	C:\WINDOWS\SYSTEM32\DBGHELP.DLL
0x00007ff96b7c0000 - 0x00007ff96b7f5000 	C:\WINDOWS\SYSTEM32\dbgcore.DLL
0x00007ff9780a0000 - 0x00007ff978122000 	C:\WINDOWS\System32\bcryptPrimitives.dll
0x00007ff964d80000 - 0x00007ff964da5000 	C:\Program Files\Java\jdk-18.0.2\bin\java.dll
0x00007ff935b80000 - 0x00007ff935c56000 	C:\Program Files\Java\jdk-18.0.2\bin\jsvml.dll
0x00007ff97a050000 - 0x00007ff97a794000 	C:\WINDOWS\System32\SHELL32.dll
0x00007ff976160000 - 0x00007ff9768f2000 	C:\WINDOWS\SYSTEM32\windows.storage.dll
0x00007ff978ae0000 - 0x00007ff978e35000 	C:\WINDOWS\System32\combase.dll
0x00007ff977a10000 - 0x00007ff977a40000 	C:\WINDOWS\SYSTEM32\Wldp.dll
0x00007ff9797e0000 - 0x00007ff97988d000 	C:\WINDOWS\System32\SHCORE.dll
0x00007ff979280000 - 0x00007ff9792d5000 	C:\WINDOWS\System32\shlwapi.dll
0x00007ff977fe0000 - 0x00007ff977fff000 	C:\WINDOWS\SYSTEM32\profapi.dll
0x00007ff964d60000 - 0x00007ff964d73000 	C:\Program Files\Java\jdk-18.0.2\bin\net.dll
0x00007ff96f4f0000 - 0x00007ff96f5fc000 	C:\WINDOWS\SYSTEM32\WINHTTP.dll
0x00007ff977780000 - 0x00007ff9777ea000 	C:\WINDOWS\system32\mswsock.dll
0x00007ff964d10000 - 0x00007ff964d26000 	C:\Program Files\Java\jdk-18.0.2\bin\nio.dll
0x00007ff9329f0000 - 0x00007ff932a08000 	C:\Program Files\Java\jdk-18.0.2\bin\zip.dll
0x00007ff964c40000 - 0x00007ff964c50000 	C:\Program Files\Java\jdk-18.0.2\bin\verify.dll
0x00007ff968090000 - 0x00007ff9680b7000 	C:\Users\acer\.gradle\native\e1d6ef7f7dcc3fd88c89a11ec53ec762bb8ba0a96d01ffa2cd45eb1d1d8dd5c5\windows-amd64\native-platform.dll
0x00007ff935190000 - 0x00007ff9352d4000 	C:\Users\acer\.gradle\native\0d407fdbe67a94daf76414ababcb853783967236a71b16ec16e742cd7a986fd3\windows-amd64\native-platform-file-events.dll
0x00007ff960f90000 - 0x00007ff960f99000 	C:\Program Files\Java\jdk-18.0.2\bin\management.dll
0x00007ff9601e0000 - 0x00007ff9601eb000 	C:\Program Files\Java\jdk-18.0.2\bin\management_ext.dll
0x00007ff977970000 - 0x00007ff977988000 	C:\WINDOWS\SYSTEM32\CRYPTSP.dll
0x00007ff9770a0000 - 0x00007ff9770d4000 	C:\WINDOWS\system32\rsaenh.dll
0x00007ff978830000 - 0x00007ff978857000 	C:\WINDOWS\System32\bcrypt.dll
0x00007ff977fa0000 - 0x00007ff977fce000 	C:\WINDOWS\SYSTEM32\USERENV.dll
0x00007ff977e30000 - 0x00007ff977e3c000 	C:\WINDOWS\SYSTEM32\CRYPTBASE.dll
0x00007ff977470000 - 0x00007ff9774ab000 	C:\WINDOWS\SYSTEM32\IPHLPAPI.DLL
0x00007ff97a960000 - 0x00007ff97a968000 	C:\WINDOWS\System32\NSI.dll
0x00007ff96f9c0000 - 0x00007ff96f9d7000 	C:\WINDOWS\SYSTEM32\dhcpcsvc6.DLL
0x00007ff96fc40000 - 0x00007ff96fc5d000 	C:\WINDOWS\SYSTEM32\dhcpcsvc.DLL
0x00007ff9774b0000 - 0x00007ff97757a000 	C:\WINDOWS\SYSTEM32\DNSAPI.dll

dbghelp: loaded successfully - version: 4.0.5 - missing functions: none
symbol engine: initialized successfully - sym options: 0x614 - pdb path: .;C:\Program Files\Java\jdk-18.0.2\bin;C:\WINDOWS\SYSTEM32;C:\WINDOWS\WinSxS\amd64_microsoft.windows.common-controls_6595b64144ccf1df_6.0.19041.1110_none_60b5254171f9507e;C:\Program Files\Java\jdk-18.0.2\bin\server;C:\Users\acer\.gradle\native\e1d6ef7f7dcc3fd88c89a11ec53ec762bb8ba0a96d01ffa2cd45eb1d1d8dd5c5\windows-amd64;C:\Users\acer\.gradle\native\0d407fdbe67a94daf76414ababcb853783967236a71b16ec16e742cd7a986fd3\windows-amd64

VM Arguments:
jvm_args: --add-opens=java.base/java.util=ALL-UNNAMED --add-opens=java.base/java.lang=ALL-UNNAMED --add-opens=java.base/java.lang.invoke=ALL-UNNAMED --add-opens=java.base/java.util=ALL-UNNAMED --add-opens=java.prefs/java.util.prefs=ALL-UNNAMED --add-opens=java.prefs/java.util.prefs=ALL-UNNAMED --add-opens=java.base/java.nio.charset=ALL-UNNAMED --add-opens=java.base/java.net=ALL-UNNAMED --add-opens=java.base/java.util.concurrent.atomic=ALL-UNNAMED -Xmx2048m -Dfile.encoding=UTF-8 -Duser.country=IN -Duser.language=en -Duser.variant 
java_command: org.gradle.launcher.daemon.bootstrap.GradleDaemon 7.4
java_class_path (initial): C:\Users\acer\.gradle\wrapper\dists\gradle-7.4-bin\c0gwcg53nkjbqw7r0h0umtfvt\gradle-7.4\lib\gradle-launcher-7.4.jar
Launcher Type: SUN_STANDARD

[Global flags]
     intx CICompilerCount                          = 3                                         {product} {ergonomic}
     uint ConcGCThreads                            = 1                                         {product} {ergonomic}
     uint G1ConcRefinementThreads                  = 4                                         {product} {ergonomic}
   size_t G1HeapRegionSize                         = 1048576                                   {product} {ergonomic}
    uintx GCDrainStackTargetSize                   = 64                                        {product} {ergonomic}
   size_t InitialHeapSize                          = 117440512                                 {product} {ergonomic}
   size_t MarkStackSize                            = 4194304                                   {product} {ergonomic}
   size_t MaxHeapSize                              = 2147483648                                {product} {command line}
   size_t MaxNewSize                               = 1287651328                                {product} {ergonomic}
   size_t MinHeapDeltaBytes                        = 1048576                                   {product} {ergonomic}
   size_t MinHeapSize                              = 8388608                                   {product} {ergonomic}
    uintx NonNMethodCodeHeapSize                   = 5832780                                {pd product} {ergonomic}
    uintx NonProfiledCodeHeapSize                  = 122912730                              {pd product} {ergonomic}
    uintx ProfiledCodeHeapSize                     = 122912730                              {pd product} {ergonomic}
    uintx ReservedCodeCacheSize                    = 251658240                              {pd product} {ergonomic}
     bool SegmentedCodeCache                       = true                                      {product} {ergonomic}
   size_t SoftMaxHeapSize                          = 2147483648                             {manageable} {ergonomic}
     bool UseCompressedClassPointers               = true                           {product lp64_product} {ergonomic}
     bool UseCompressedOops                        = true                           {product lp64_product} {ergonomic}
     bool UseG1GC                                  = true                                      {product} {ergonomic}
     bool UseLargePagesIndividualAllocation        = false                                  {pd product} {ergonomic}

Logging:
Log output configuration:
 #0: stdout all=warning uptime,level,tags foldmultilines=false
 #1: stderr all=off uptime,level,tags foldmultilines=false

Environment Variables:
JAVA_HOME=C:\Program Files\Java\jdk-18.0.2
PATH=C:\Program Files\Common Files\Oracle\Java\javapath;C:\WINDOWS\system32;C:\WINDOWS;C:\WINDOWS\System32\Wbem;C:\WINDOWS\System32\WindowsPowerShell\v1.0\;C:\WINDOWS\System32\OpenSSH\;C:\Program Files\nodejs;C:\Program Files\dotnet\;C:\Program Files\nodejs\;C:\Users\acer\AppData\Local\Android\Sdk\platform-tools;C:\Users\acer\AppData\Local\Android\Sdk;C:\ProgramData\chocolatey\bin;C:\Users\acer\AppData\Local\Microsoft\WindowsApps;C:\Program Files\JetBrains\PyCharm Community Edition 2021.2.2\bin;;C:\Program Files\nodejs;C:\Program Files\JetBrains\IntelliJ IDEA Community Edition 2022.2.1\bin;;C:\Users\acer\AppData\Roaming\npm;C:\Users\acer\AppData\Local\Programs\Microsoft VS Code\bin;C:\Users\acer\AppData\Local\Android\Sdk\platform-tools;
USERNAME=shergill
OS=Windows_NT
PROCESSOR_IDENTIFIER=AMD64 Family 22 Model 48 Stepping 1, AuthenticAMD



---------------  S Y S T E M  ---------------

OS:
 Windows 10 , 64 bit Build 19041 (10.0.19041.2251)
OS uptime: 0 days 2:01 hours

CPU: total 4 (initial active 4) (4 cores per cpu, 1 threads per core) family 22 model 48 stepping 1 microcode 0x0, cx8, cmov, fxsr, mmx, 3dnowpref, sse, sse2, sse3, ssse3, sse4a, sse4.1, sse4.2, popcnt, lzcnt, tsc, tscinvbit, avx, aes, clmul, bmi1, vzeroupper, clflush

Memory: 4k page, system-wide physical 7094M (596M free)
TotalPageFile size 8476M (AvailPageFile size 4M)
current process WorkingSet (physical memory assigned to process): 162M, peak: 175M
current process commit charge ("private bytes"): 236M, peak: 248M

vm_info: Java HotSpot(TM) 64-Bit Server VM (18.0.2+9-61) for windows-amd64 JRE (18.0.2+9-61), built on Jun  7 2022 13:09:01 by "mach5one" with MS VC++ 16.8 / 16.9 (VS2019)

END.
