#
# There is insufficient memory for the Java Runtime Environment to continue.
# Native memory allocation (malloc) failed to allocate 1374256 bytes for Chunk::new
# Possible reasons:
#   The system is out of physical RAM or swap space
#   The process is running with CompressedOops enabled, and the Java Heap may be blocking the growth of the native heap
# Possible solutions:
#   Reduce memory load on the system
#   Increase physical memory or swap space
#   Check if swap backing store is full
#   Decrease Java heap size (-Xmx/-Xms)
#   Decrease number of Java threads
#   Decrease Java thread stack sizes (-Xss)
#   Set larger code cache with -XX:ReservedCodeCacheSize=
#   JVM is running with Unscaled Compressed Oops mode in which the Java heap is
#     placed in the first 4GB address space. The Java Heap base address is the
#     maximum limit for the native heap growth. Please use -XX:HeapBaseMinAddress
#     to set the Java Heap base and to place the Java Heap above 4GB virtual address.
# This output file may be truncated or incomplete.
#
#  Out of Memory Error (arena.cpp:184), pid=1388, tid=2144
#
# JRE version: Java(TM) SE Runtime Environment (18.0.2+9) (build 18.0.2+9-61)
# Java VM: Java HotSpot(TM) 64-Bit Server VM (18.0.2+9-61, mixed mode, sharing, tiered, compressed oops, compressed class ptrs, g1 gc, windows-amd64)
# No core dump will be written. Minidumps are not enabled by default on client versions of Windows
#

---------------  S U M M A R Y ------------

Command Line: --add-opens=java.base/java.util=ALL-UNNAMED --add-opens=java.base/java.lang=ALL-UNNAMED --add-opens=java.base/java.lang.invoke=ALL-UNNAMED --add-opens=java.base/java.util=ALL-UNNAMED --add-opens=java.prefs/java.util.prefs=ALL-UNNAMED --add-opens=java.prefs/java.util.prefs=ALL-UNNAMED --add-opens=java.base/java.nio.charset=ALL-UNNAMED --add-opens=java.base/java.net=ALL-UNNAMED --add-opens=java.base/java.util.concurrent.atomic=ALL-UNNAMED -Xmx2048m -Dfile.encoding=UTF-8 -Duser.country=IN -Duser.language=en -Duser.variant org.gradle.launcher.daemon.bootstrap.GradleDaemon 7.4

Host: AMD A6-7310 APU with AMD Radeon R4 Graphics    , 4 cores, 6G,  Windows 10 , 64 bit Build 19041 (10.0.19041.2251)
Time: Wed Dec 21 11:17:46 2022 India Standard Time elapsed time: 83.282445 seconds (0d 0h 1m 23s)

---------------  T H R E A D  ---------------

Current thread (0x0000011e28875420):  JavaThread "C2 CompilerThread0" daemon [_thread_in_native, id=2144, stack(0x0000000101300000,0x0000000101400000)]


Current CompileTask:
C2:  83283 7283   !   4       com.google.common.reflect.TypeVisitor::visit (244 bytes)

Stack: [0x0000000101300000,0x0000000101400000]
Native frames: (J=compiled Java code, j=interpreted, Vv=VM code, C=native code)
V  [jvm.dll+0x6993ca]
V  [jvm.dll+0x7f481d]
V  [jvm.dll+0x7f612e]
V  [jvm.dll+0x7f67e3]
V  [jvm.dll+0x25cdaf]
V  [jvm.dll+0xb8c2f]
V  [jvm.dll+0xb8fa5]
V  [jvm.dll+0x386091]
V  [jvm.dll+0x34fd01]
V  [jvm.dll+0x34f19a]
V  [jvm.dll+0x22ff51]
V  [jvm.dll+0x22f321]
V  [jvm.dll+0x1ba01c]
V  [jvm.dll+0x23ec9a]
V  [jvm.dll+0x23cf85]
V  [jvm.dll+0x7a6e21]
V  [jvm.dll+0x7a125a]
V  [jvm.dll+0x698275]
C  [ucrtbase.dll+0x21bb2]
C  [KERNEL32.DLL+0x174b4]
C  [ntdll.dll+0x526a1]


---------------  P R O C E S S  ---------------

Threads class SMR info:
_java_thread_list=0x0000011e2fe7bd00, length=79, elements={
0x0000011e0aec6a50, 0x0000011e2885a6e0, 0x0000011e2885af90, 0x0000011e28872e30,
0x0000011e288736e0, 0x0000011e28873f90, 0x0000011e28874840, 0x0000011e28875420,
0x0000011e28875d10, 0x0000011e288fbd60, 0x0000011e2cc7ba10, 0x0000011e2cc88750,
0x0000011e2e04c710, 0x0000011e2d4ac400, 0x0000011e2ce0e8e0, 0x0000011e2cd78eb0,
0x0000011e2ddaff20, 0x0000011e2cf36830, 0x0000011e2cf36ff0, 0x0000011e2d879bb0,
0x0000011e2d8783a0, 0x0000011e2d87a080, 0x0000011e2d877060, 0x0000011e2d8796e0,
0x0000011e2d878870, 0x0000011e2d87a550, 0x0000011e2d879210, 0x0000011e2d877530,
0x0000011e2d877a00, 0x0000011e2d877ed0, 0x0000011e2d878d40, 0x0000011e2e8a7330,
0x0000011e2e8a2fd0, 0x0000011e2e8a5ff0, 0x0000011e2e8a7800, 0x0000011e2e8a6990,
0x0000011e2e8a64c0, 0x0000011e2e8a3970, 0x0000011e2e8a2b00, 0x0000011e2e8a4cb0,
0x0000011e2e8a47e0, 0x0000011e2e8a12f0, 0x0000011e2e8a5180, 0x0000011e2e8a5650,
0x0000011e2f37d3a0, 0x0000011e2f382a40, 0x0000011e2f37d870, 0x0000011e2f381700,
0x0000011e2f37e6e0, 0x0000011e2f37ca00, 0x0000011e2f380d60, 0x0000011e2f381230,
0x0000011e2f381bd0, 0x0000011e2f37c530, 0x0000011e2f382570, 0x0000011e2f37ced0,
0x0000011e2f37ebb0, 0x0000011e2f37f080, 0x0000011e2f3820a0, 0x0000011e2f382f10,
0x0000011e2f37fa20, 0x0000011e2f37fef0, 0x0000011e2f3833e0, 0x0000011e2f37c060,
0x0000011e2f37f550, 0x0000011e2f37dd40, 0x0000011e2f380890, 0x0000011e2f3803c0,
0x0000011e2f3838b0, 0x0000011e2f37e210, 0x0000011e2ef90450, 0x0000011e2ef90920,
0x0000011e2ef8cf60, 0x0000011e2ef8d900, 0x0000011e2ef8ff80, 0x0000011e2ef8e770,
0x0000011e2ef8ddd0, 0x0000011e2ef8fab0, 0x0000011e2ef8f110
}

Java Threads: ( => current thread )
  0x0000011e0aec6a50 JavaThread "main" [_thread_blocked, id=7924, stack(0x0000000100600000,0x0000000100700000)]
  0x0000011e2885a6e0 JavaThread "Reference Handler" daemon [_thread_blocked, id=812, stack(0x0000000100d00000,0x0000000100e00000)]
  0x0000011e2885af90 JavaThread "Finalizer" daemon [_thread_blocked, id=9756, stack(0x0000000100e00000,0x0000000100f00000)]
  0x0000011e28872e30 JavaThread "Signal Dispatcher" daemon [_thread_blocked, id=4796, stack(0x0000000100f00000,0x0000000101000000)]
  0x0000011e288736e0 JavaThread "Attach Listener" daemon [_thread_blocked, id=9272, stack(0x0000000101000000,0x0000000101100000)]
  0x0000011e28873f90 JavaThread "Service Thread" daemon [_thread_blocked, id=8620, stack(0x0000000101100000,0x0000000101200000)]
  0x0000011e28874840 JavaThread "Monitor Deflation Thread" daemon [_thread_blocked, id=2200, stack(0x0000000101200000,0x0000000101300000)]
=>0x0000011e28875420 JavaThread "C2 CompilerThread0" daemon [_thread_in_native, id=2144, stack(0x0000000101300000,0x0000000101400000)]
  0x0000011e28875d10 JavaThread "C1 CompilerThread0" daemon [_thread_blocked, id=5596, stack(0x0000000101400000,0x0000000101500000)]
  0x0000011e288fbd60 JavaThread "Sweeper thread" daemon [_thread_blocked, id=2036, stack(0x0000000101500000,0x0000000101600000)]
  0x0000011e2cc7ba10 JavaThread "Common-Cleaner" daemon [_thread_blocked, id=3788, stack(0x0000000101600000,0x0000000101700000)]
  0x0000011e2cc88750 JavaThread "Notification Thread" daemon [_thread_blocked, id=5592, stack(0x0000000101700000,0x0000000101800000)]
  0x0000011e2e04c710 JavaThread "Daemon health stats" [_thread_blocked, id=6936, stack(0x0000000101b00000,0x0000000101c00000)]
  0x0000011e2d4ac400 JavaThread "Incoming local TCP Connector on port 61832" [_thread_in_native, id=9656, stack(0x0000000101d00000,0x0000000101e00000)]
  0x0000011e2ce0e8e0 JavaThread "Daemon periodic checks" [_thread_blocked, id=9376, stack(0x0000000101e00000,0x0000000101f00000)]
  0x0000011e2cd78eb0 JavaThread "Daemon" [_thread_blocked, id=8476, stack(0x0000000101f00000,0x0000000102000000)]
  0x0000011e2ddaff20 JavaThread "Handler for socket connection from /127.0.0.1:61832 to /127.0.0.1:61833" [_thread_in_native, id=3508, stack(0x0000000102000000,0x0000000102100000)]
  0x0000011e2cf36830 JavaThread "Cancel handler" [_thread_blocked, id=3340, stack(0x0000000102100000,0x0000000102200000)]
  0x0000011e2cf36ff0 JavaThread "Daemon worker" [_thread_in_Java, id=5504, stack(0x0000000102200000,0x0000000102300000)]
  0x0000011e2d879bb0 JavaThread "Asynchronous log dispatcher for DefaultDaemonConnection: socket connection from /127.0.0.1:61832 to /127.0.0.1:61833" [_thread_blocked, id=7864, stack(0x0000000102300000,0x0000000102400000)]
  0x0000011e2d8783a0 JavaThread "Stdin handler" [_thread_blocked, id=9624, stack(0x0000000102400000,0x0000000102500000)]
  0x0000011e2d87a080 JavaThread "Daemon client event forwarder" [_thread_blocked, id=5640, stack(0x0000000102500000,0x0000000102600000)]
  0x0000011e2d877060 JavaThread "Cache worker for journal cache (C:\Users\acer\.gradle\caches\journal-1)" [_thread_blocked, id=9796, stack(0x0000000100100000,0x0000000100200000)]
  0x0000011e2d8796e0 JavaThread "File lock request listener" [_thread_in_native, id=3168, stack(0x0000000102600000,0x0000000102700000)]
  0x0000011e2d878870 JavaThread "Cache worker for file hash cache (C:\Users\acer\.gradle\caches\7.4\fileHashes)" [_thread_blocked, id=10156, stack(0x0000000102700000,0x0000000102800000)]
  0x0000011e2d87a550 JavaThread "File watcher server" daemon [_thread_in_native, id=9308, stack(0x0000000102800000,0x0000000102900000)]
  0x0000011e2d879210 JavaThread "File watcher consumer" daemon [_thread_blocked, id=3364, stack(0x0000000102900000,0x0000000102a00000)]
  0x0000011e2d877530 JavaThread "jar transforms" [_thread_blocked, id=664, stack(0x0000000102a00000,0x0000000102b00000)]
  0x0000011e2d877a00 JavaThread "jar transforms Thread 2" [_thread_blocked, id=10632, stack(0x0000000102b00000,0x0000000102c00000)]
  0x0000011e2d877ed0 JavaThread "jar transforms Thread 3" [_thread_blocked, id=4408, stack(0x0000000102c00000,0x0000000102d00000)]
  0x0000011e2d878d40 JavaThread "jar transforms Thread 4" [_thread_blocked, id=2272, stack(0x0000000102d00000,0x0000000102e00000)]
  0x0000011e2e8a7330 JavaThread "Cache worker for checksums cache (C:\Users\acer\AndroidStudioProjects\NewPPP\.gradle\7.4\checksums)" [_thread_blocked, id=4052, stack(0x0000000102f00000,0x0000000103000000)]
  0x0000011e2e8a2fd0 JavaThread "Cache worker for cache directory md-rule (C:\Users\acer\.gradle\caches\7.4\md-rule)" [_thread_blocked, id=11236, stack(0x0000000102e00000,0x0000000102f00000)]
  0x0000011e2e8a5ff0 JavaThread "Cache worker for file hash cache (C:\Users\acer\AndroidStudioProjects\NewPPP\.gradle\7.4\fileHashes)" [_thread_blocked, id=3980, stack(0x0000000103000000,0x0000000103100000)]
  0x0000011e2e8a7800 JavaThread "Cache worker for cache directory md-supplier (C:\Users\acer\.gradle\caches\7.4\md-supplier)" [_thread_blocked, id=3984, stack(0x0000000103100000,0x0000000103200000)]
  0x0000011e2e8a6990 JavaThread "Cache worker for execution history cache (C:\Users\acer\.gradle\caches\7.4\executionHistory)" [_thread_blocked, id=5732, stack(0x0000000103200000,0x0000000103300000)]
  0x0000011e2e8a64c0 JavaThread "Cache worker for file content cache (C:\Users\acer\.gradle\caches\7.4\fileContent)" [_thread_blocked, id=9400, stack(0x0000000103600000,0x0000000103700000)]
  0x0000011e2e8a3970 JavaThread "Cache worker for dependencies-accessors (C:\Users\acer\AndroidStudioProjects\NewPPP\.gradle\7.4\dependencies-accessors)" [_thread_blocked, id=10692, stack(0x0000000100400000,0x0000000100500000)]
  0x0000011e2e8a2b00 JavaThread "Cache worker for Build Output Cleanup Cache (C:\Users\acer\AndroidStudioProjects\NewPPP\.gradle\buildOutputCleanup)" [_thread_blocked, id=9580, stack(0x0000000100500000,0x0000000100600000)]
  0x0000011e2e8a4cb0 JavaThread "Unconstrained build operations" [_thread_blocked, id=9180, stack(0x0000000103700000,0x0000000103800000)]
  0x0000011e2e8a47e0 JavaThread "Unconstrained build operations Thread 2" [_thread_blocked, id=8376, stack(0x0000000103800000,0x0000000103900000)]
  0x0000011e2e8a12f0 JavaThread "Unconstrained build operations Thread 3" [_thread_blocked, id=6320, stack(0x0000000103900000,0x0000000103a00000)]
  0x0000011e2e8a5180 JavaThread "Unconstrained build operations Thread 4" [_thread_blocked, id=8636, stack(0x0000000103a00000,0x0000000103b00000)]
  0x0000011e2e8a5650 JavaThread "Unconstrained build operations Thread 5" [_thread_blocked, id=3584, stack(0x0000000103b00000,0x0000000103c00000)]
  0x0000011e2f37d3a0 JavaThread "Unconstrained build operations Thread 6" [_thread_blocked, id=6048, stack(0x0000000103c00000,0x0000000103d00000)]
  0x0000011e2f382a40 JavaThread "Unconstrained build operations Thread 7" [_thread_blocked, id=9712, stack(0x0000000103d00000,0x0000000103e00000)]
  0x0000011e2f37d870 JavaThread "Unconstrained build operations Thread 8" [_thread_blocked, id=11120, stack(0x0000000103e00000,0x0000000103f00000)]
  0x0000011e2f381700 JavaThread "Unconstrained build operations Thread 9" [_thread_blocked, id=10120, stack(0x0000000103f00000,0x0000000104000000)]
  0x0000011e2f37e6e0 JavaThread "Unconstrained build operations Thread 10" [_thread_blocked, id=9792, stack(0x0000000104000000,0x0000000104100000)]
  0x0000011e2f37ca00 JavaThread "Unconstrained build operations Thread 11" [_thread_blocked, id=3968, stack(0x0000000104100000,0x0000000104200000)]
  0x0000011e2f380d60 JavaThread "Unconstrained build operations Thread 12" [_thread_blocked, id=10036, stack(0x0000000104200000,0x0000000104300000)]
  0x0000011e2f381230 JavaThread "Unconstrained build operations Thread 13" [_thread_blocked, id=10356, stack(0x0000000104300000,0x0000000104400000)]
  0x0000011e2f381bd0 JavaThread "Unconstrained build operations Thread 14" [_thread_blocked, id=5984, stack(0x0000000104400000,0x0000000104500000)]
  0x0000011e2f37c530 JavaThread "Unconstrained build operations Thread 15" [_thread_blocked, id=8932, stack(0x0000000104500000,0x0000000104600000)]
  0x0000011e2f382570 JavaThread "Unconstrained build operations Thread 16" [_thread_blocked, id=1648, stack(0x0000000104600000,0x0000000104700000)]
  0x0000011e2f37ced0 JavaThread "Unconstrained build operations Thread 17" [_thread_blocked, id=4080, stack(0x0000000104700000,0x0000000104800000)]
  0x0000011e2f37ebb0 JavaThread "Unconstrained build operations Thread 18" [_thread_blocked, id=8860, stack(0x0000000104800000,0x0000000104900000)]
  0x0000011e2f37f080 JavaThread "Unconstrained build operations Thread 19" [_thread_blocked, id=7540, stack(0x0000000104900000,0x0000000104a00000)]
  0x0000011e2f3820a0 JavaThread "Unconstrained build operations Thread 20" [_thread_blocked, id=7696, stack(0x0000000104a00000,0x0000000104b00000)]
  0x0000011e2f382f10 JavaThread "Unconstrained build operations Thread 21" [_thread_blocked, id=960, stack(0x0000000104b00000,0x0000000104c00000)]
  0x0000011e2f37fa20 JavaThread "Unconstrained build operations Thread 22" [_thread_blocked, id=8364, stack(0x0000000104c00000,0x0000000104d00000)]
  0x0000011e2f37fef0 JavaThread "Unconstrained build operations Thread 23" [_thread_blocked, id=11016, stack(0x0000000104d00000,0x0000000104e00000)]
  0x0000011e2f3833e0 JavaThread "Unconstrained build operations Thread 24" [_thread_blocked, id=7116, stack(0x0000000104e00000,0x0000000104f00000)]
  0x0000011e2f37c060 JavaThread "Unconstrained build operations Thread 25" [_thread_blocked, id=7220, stack(0x0000000104f00000,0x0000000105000000)]
  0x0000011e2f37f550 JavaThread "Unconstrained build operations Thread 26" [_thread_blocked, id=9980, stack(0x0000000105000000,0x0000000105100000)]
  0x0000011e2f37dd40 JavaThread "Unconstrained build operations Thread 27" [_thread_blocked, id=3500, stack(0x0000000105100000,0x0000000105200000)]
  0x0000011e2f380890 JavaThread "Unconstrained build operations Thread 28" [_thread_blocked, id=748, stack(0x0000000105200000,0x0000000105300000)]
  0x0000011e2f3803c0 JavaThread "Unconstrained build operations Thread 29" [_thread_blocked, id=1572, stack(0x0000000105300000,0x0000000105400000)]
  0x0000011e2f3838b0 JavaThread "Unconstrained build operations Thread 30" [_thread_blocked, id=7732, stack(0x0000000105400000,0x0000000105500000)]
  0x0000011e2f37e210 JavaThread "Unconstrained build operations Thread 31" [_thread_blocked, id=10820, stack(0x0000000105500000,0x0000000105600000)]
  0x0000011e2ef90450 JavaThread "Unconstrained build operations Thread 32" [_thread_blocked, id=8516, stack(0x0000000105600000,0x0000000105700000)]
  0x0000011e2ef90920 JavaThread "Unconstrained build operations Thread 33" [_thread_blocked, id=440, stack(0x0000000105700000,0x0000000105800000)]
  0x0000011e2ef8cf60 JavaThread "Unconstrained build operations Thread 34" [_thread_blocked, id=10380, stack(0x0000000105800000,0x0000000105900000)]
  0x0000011e2ef8d900 JavaThread "Unconstrained build operations Thread 35" [_thread_blocked, id=964, stack(0x0000000105900000,0x0000000105a00000)]
  0x0000011e2ef8ff80 JavaThread "Unconstrained build operations Thread 36" [_thread_blocked, id=2612, stack(0x0000000105a00000,0x0000000105b00000)]
  0x0000011e2ef8e770 JavaThread "Unconstrained build operations Thread 37" [_thread_blocked, id=10992, stack(0x0000000105b00000,0x0000000105c00000)]
  0x0000011e2ef8ddd0 JavaThread "Unconstrained build operations Thread 38" [_thread_blocked, id=7712, stack(0x0000000105c00000,0x0000000105d00000)]
  0x0000011e2ef8fab0 JavaThread "Unconstrained build operations Thread 39" [_thread_blocked, id=5940, stack(0x0000000105d00000,0x0000000105e00000)]
  0x0000011e2ef8f110 JavaThread "Unconstrained build operations Thread 40" [_thread_blocked, id=1956, stack(0x0000000105e00000,0x0000000105f00000)]

Other Threads:
  0x0000011e288544f0 VMThread "VM Thread" [stack: 0x0000000100c00000,0x0000000100d00000] [id=4800]
  0x0000011e2cc8cc30 WatcherThread "VM Periodic Task Thread" [stack: 0x0000000101800000,0x0000000101900000] [id=10668]
  0x0000011e0af22ba0 WorkerThread "GC Thread#0" [stack: 0x0000000100700000,0x0000000100800000] [id=6296]
  0x0000011e2d18c360 WorkerThread "GC Thread#1" [stack: 0x0000000101900000,0x0000000101a00000] [id=2212]
  0x0000011e2cff97e0 WorkerThread "GC Thread#2" [stack: 0x0000000101a00000,0x0000000101b00000] [id=1312]
  0x0000011e2cd79eb0 WorkerThread "GC Thread#3" [stack: 0x0000000101c00000,0x0000000101d00000] [id=8972]
  0x0000011e0af33880 ConcurrentGCThread "G1 Main Marker" [stack: 0x0000000100800000,0x0000000100900000] [id=6328]
  0x0000011e0af34020 WorkerThread "G1 Conc#0" [stack: 0x0000000100900000,0x0000000100a00000] [id=6516]
  0x0000011e0af6c7d0 ConcurrentGCThread "G1 Refine#0" [stack: 0x0000000100a00000,0x0000000100b00000] [id=9644]
  0x0000011e2cf5f410 ConcurrentGCThread "G1 Refine#1" [stack: 0x0000000103300000,0x0000000103400000] [id=3848]
  0x0000011e0af6ce90 ConcurrentGCThread "G1 Service" [stack: 0x0000000100b00000,0x0000000100c00000] [id=10748]

Threads with active compile tasks:
C2 CompilerThread0    83422 7283   !   4       com.google.common.reflect.TypeVisitor::visit (244 bytes)

VM state: not at safepoint (normal execution)

VM Mutex/Monitor currently owned by a thread: None

Heap address: 0x0000000080000000, size: 2048 MB, Compressed Oops mode: 32-bit

CDS archive(s) mapped at: [0x0000000800000000-0x0000000800ba0000-0x0000000800ba0000), size 12189696, SharedBaseAddress: 0x0000000800000000, ArchiveRelocationMode: 0.
Compressed class space mapped at: 0x0000000800c00000-0x0000000840c00000, reserved size: 1073741824
Narrow klass base: 0x0000000800000000, Narrow klass shift: 0, Narrow klass range: 0x100000000

GC Precious Log:
 CardTable entry size: 512
 Card Set container configuration: InlinePtr #cards 5 size 8 Array Of Cards #cards 12 size 40 Howl #buckets 4 coarsen threshold 1843 Howl Bitmap #cards 512 size 80 coarsen threshold 460 Card regions per heap region 1 cards per card region 2048
 CPUs: 4 total, 4 available
 Memory: 7094M
 Large Page Support: Disabled
 NUMA Support: Disabled
 Compressed Oops: Enabled (32-bit)
 Heap Region Size: 1M
 Heap Min Capacity: 8M
 Heap Initial Capacity: 112M
 Heap Max Capacity: 2G
 Pre-touch: Disabled
 Parallel Workers: 4
 Concurrent Workers: 1
 Concurrent Refinement Workers: 4
 Periodic GC: Disabled

Heap:
 garbage-first heap   total 160768K, used 124592K [0x0000000080000000, 0x0000000100000000)
  region size 1024K, 36 young (36864K), 6 survivors (6144K)
 Metaspace       used 56954K, committed 58560K, reserved 1114112K
  class space    used 7705K, committed 8576K, reserved 1048576K

Heap Regions: E=young(eden), S=young(survivor), O=old, HS=humongous(starts), HC=humongous(continues), CS=collection set, F=free, OA=open archive, CA=closed archive, TAMS=top-at-mark-start (previous, next)
|   0|0x0000000080000000, 0x0000000080100000, 0x0000000080100000|100%|HS|  |TAMS 0x0000000080100000, 0x0000000080000000| Complete 
|   1|0x0000000080100000, 0x0000000080200000, 0x0000000080200000|100%|HC|  |TAMS 0x0000000080200000, 0x0000000080100000| Complete 
|   2|0x0000000080200000, 0x0000000080300000, 0x0000000080300000|100%|HC|  |TAMS 0x0000000080300000, 0x0000000080200000| Complete 
|   3|0x0000000080300000, 0x0000000080400000, 0x0000000080400000|100%| O|  |TAMS 0x0000000080400000, 0x0000000080300000| Untracked 
|   4|0x0000000080400000, 0x0000000080500000, 0x0000000080500000|100%| O|  |TAMS 0x0000000080500000, 0x0000000080400000| Untracked 
|   5|0x0000000080500000, 0x0000000080600000, 0x0000000080600000|100%| O|  |TAMS 0x0000000080600000, 0x0000000080500000| Untracked 
|   6|0x0000000080600000, 0x0000000080700000, 0x0000000080700000|100%| O|  |TAMS 0x0000000080700000, 0x0000000080600000| Untracked 
|   7|0x0000000080700000, 0x0000000080800000, 0x0000000080800000|100%| O|  |TAMS 0x0000000080800000, 0x0000000080700000| Untracked 
|   8|0x0000000080800000, 0x0000000080900000, 0x0000000080900000|100%| O|  |TAMS 0x0000000080900000, 0x0000000080800000| Untracked 
|   9|0x0000000080900000, 0x0000000080a00000, 0x0000000080a00000|100%| O|  |TAMS 0x0000000080a00000, 0x0000000080900000| Untracked 
|  10|0x0000000080a00000, 0x0000000080b00000, 0x0000000080b00000|100%| O|  |TAMS 0x0000000080b00000, 0x0000000080a00000| Untracked 
|  11|0x0000000080b00000, 0x0000000080c00000, 0x0000000080c00000|100%|HS|  |TAMS 0x0000000080c00000, 0x0000000080b00000| Complete 
|  12|0x0000000080c00000, 0x0000000080d00000, 0x0000000080d00000|100%|HC|  |TAMS 0x0000000080d00000, 0x0000000080c00000| Complete 
|  13|0x0000000080d00000, 0x0000000080e00000, 0x0000000080e00000|100%|HS|  |TAMS 0x0000000080e00000, 0x0000000080d00000| Complete 
|  14|0x0000000080e00000, 0x0000000080f00000, 0x0000000080f00000|100%|HC|  |TAMS 0x0000000080f00000, 0x0000000080e00000| Complete 
|  15|0x0000000080f00000, 0x0000000081000000, 0x0000000081000000|100%|HC|  |TAMS 0x0000000081000000, 0x0000000080f00000| Complete 
|  16|0x0000000081000000, 0x0000000081100000, 0x0000000081100000|100%|HS|  |TAMS 0x0000000081100000, 0x0000000081000000| Complete 
|  17|0x0000000081100000, 0x0000000081200000, 0x0000000081200000|100%|HC|  |TAMS 0x0000000081200000, 0x0000000081100000| Complete 
|  18|0x0000000081200000, 0x0000000081300000, 0x0000000081300000|100%|HC|  |TAMS 0x0000000081300000, 0x0000000081200000| Complete 
|  19|0x0000000081300000, 0x0000000081400000, 0x0000000081400000|100%|HS|  |TAMS 0x0000000081400000, 0x0000000081300000| Complete 
|  20|0x0000000081400000, 0x0000000081500000, 0x0000000081500000|100%|HC|  |TAMS 0x0000000081500000, 0x0000000081400000| Complete 
|  21|0x0000000081500000, 0x0000000081600000, 0x0000000081600000|100%|HC|  |TAMS 0x0000000081600000, 0x0000000081500000| Complete 
|  22|0x0000000081600000, 0x0000000081700000, 0x0000000081700000|100%|HC|  |TAMS 0x0000000081700000, 0x0000000081600000| Complete 
|  23|0x0000000081700000, 0x0000000081800000, 0x0000000081800000|100%|HC|  |TAMS 0x0000000081800000, 0x0000000081700000| Complete 
|  24|0x0000000081800000, 0x0000000081900000, 0x0000000081900000|100%| O|  |TAMS 0x0000000081900000, 0x0000000081800000| Untracked 
|  25|0x0000000081900000, 0x0000000081a00000, 0x0000000081a00000|100%| O|  |TAMS 0x0000000081a00000, 0x0000000081900000| Untracked 
|  26|0x0000000081a00000, 0x0000000081b00000, 0x0000000081b00000|100%| O|  |TAMS 0x0000000081b00000, 0x0000000081a00000| Untracked 
|  27|0x0000000081b00000, 0x0000000081c00000, 0x0000000081c00000|100%| O|  |TAMS 0x0000000081c00000, 0x0000000081b00000| Untracked 
|  28|0x0000000081c00000, 0x0000000081d00000, 0x0000000081d00000|100%| O|  |TAMS 0x0000000081d00000, 0x0000000081c00000| Untracked 
|  29|0x0000000081d00000, 0x0000000081e00000, 0x0000000081e00000|100%| O|  |TAMS 0x0000000081e00000, 0x0000000081d00000| Untracked 
|  30|0x0000000081e00000, 0x0000000081f00000, 0x0000000081f00000|100%| O|  |TAMS 0x0000000081f00000, 0x0000000081e00000| Untracked 
|  31|0x0000000081f00000, 0x0000000082000000, 0x0000000082000000|100%| O|  |TAMS 0x0000000082000000, 0x0000000081f00000| Untracked 
|  32|0x0000000082000000, 0x0000000082100000, 0x0000000082100000|100%| O|  |TAMS 0x0000000082100000, 0x0000000082000000| Untracked 
|  33|0x0000000082100000, 0x0000000082200000, 0x0000000082200000|100%| O|  |TAMS 0x0000000082200000, 0x0000000082100000| Untracked 
|  34|0x0000000082200000, 0x0000000082300000, 0x0000000082300000|100%| O|  |TAMS 0x0000000082300000, 0x0000000082200000| Untracked 
|  35|0x0000000082300000, 0x0000000082400000, 0x0000000082400000|100%| O|  |TAMS 0x0000000082400000, 0x0000000082300000| Untracked 
|  36|0x0000000082400000, 0x0000000082500000, 0x0000000082500000|100%| O|  |TAMS 0x0000000082500000, 0x0000000082400000| Untracked 
|  37|0x0000000082500000, 0x0000000082600000, 0x0000000082600000|100%| O|  |TAMS 0x0000000082600000, 0x0000000082500000| Untracked 
|  38|0x0000000082600000, 0x0000000082700000, 0x0000000082700000|100%| O|  |TAMS 0x0000000082700000, 0x0000000082600000| Untracked 
|  39|0x0000000082700000, 0x0000000082800000, 0x0000000082800000|100%| O|  |TAMS 0x0000000082800000, 0x0000000082700000| Untracked 
|  40|0x0000000082800000, 0x0000000082900000, 0x0000000082900000|100%| O|  |TAMS 0x0000000082900000, 0x0000000082800000| Untracked 
|  41|0x0000000082900000, 0x0000000082a00000, 0x0000000082a00000|100%| O|  |TAMS 0x0000000082a00000, 0x0000000082900000| Untracked 
|  42|0x0000000082a00000, 0x0000000082b00000, 0x0000000082b00000|100%| O|  |TAMS 0x0000000082b00000, 0x0000000082a00000| Untracked 
|  43|0x0000000082b00000, 0x0000000082c00000, 0x0000000082c00000|100%| O|  |TAMS 0x0000000082c00000, 0x0000000082b00000| Untracked 
|  44|0x0000000082c00000, 0x0000000082d00000, 0x0000000082d00000|100%|HS|  |TAMS 0x0000000082d00000, 0x0000000082c00000| Complete 
|  45|0x0000000082d00000, 0x0000000082e00000, 0x0000000082e00000|100%|HC|  |TAMS 0x0000000082e00000, 0x0000000082d00000| Complete 
|  46|0x0000000082e00000, 0x0000000082f00000, 0x0000000082f00000|100%|HC|  |TAMS 0x0000000082f00000, 0x0000000082e00000| Complete 
|  47|0x0000000082f00000, 0x0000000083000000, 0x0000000083000000|100%|HC|  |TAMS 0x0000000083000000, 0x0000000082f00000| Complete 
|  48|0x0000000083000000, 0x0000000083100000, 0x0000000083100000|100%|HS|  |TAMS 0x0000000083100000, 0x0000000083000000| Complete 
|  49|0x0000000083100000, 0x0000000083200000, 0x0000000083200000|100%|HC|  |TAMS 0x0000000083200000, 0x0000000083100000| Complete 
|  50|0x0000000083200000, 0x0000000083300000, 0x0000000083300000|100%|HC|  |TAMS 0x0000000083300000, 0x0000000083200000| Complete 
|  51|0x0000000083300000, 0x0000000083400000, 0x0000000083400000|100%|HS|  |TAMS 0x0000000083400000, 0x0000000083300000| Complete 
|  52|0x0000000083400000, 0x0000000083500000, 0x0000000083500000|100%|HC|  |TAMS 0x0000000083500000, 0x0000000083400000| Complete 
|  53|0x0000000083500000, 0x0000000083600000, 0x0000000083600000|100%|HS|  |TAMS 0x0000000083600000, 0x0000000083500000| Complete 
|  54|0x0000000083600000, 0x0000000083700000, 0x0000000083700000|100%|HC|  |TAMS 0x0000000083700000, 0x0000000083600000| Complete 
|  55|0x0000000083700000, 0x0000000083800000, 0x0000000083800000|100%|HC|  |TAMS 0x0000000083800000, 0x0000000083700000| Complete 
|  56|0x0000000083800000, 0x0000000083900000, 0x0000000083900000|100%| O|  |TAMS 0x0000000083900000, 0x0000000083800000| Untracked 
|  57|0x0000000083900000, 0x0000000083a00000, 0x0000000083a00000|100%| O|  |TAMS 0x0000000083a00000, 0x0000000083900000| Untracked 
|  58|0x0000000083a00000, 0x0000000083b00000, 0x0000000083b00000|100%| O|  |TAMS 0x0000000083b00000, 0x0000000083a00000| Untracked 
|  59|0x0000000083b00000, 0x0000000083c00000, 0x0000000083c00000|100%| O|  |TAMS 0x0000000083c00000, 0x0000000083b00000| Untracked 
|  60|0x0000000083c00000, 0x0000000083d00000, 0x0000000083d00000|100%| O|  |TAMS 0x0000000083d00000, 0x0000000083c00000| Untracked 
|  61|0x0000000083d00000, 0x0000000083e00000, 0x0000000083e00000|100%| O|  |TAMS 0x0000000083e00000, 0x0000000083d00000| Untracked 
|  62|0x0000000083e00000, 0x0000000083f00000, 0x0000000083f00000|100%| O|  |TAMS 0x0000000083f00000, 0x0000000083e00000| Untracked 
|  63|0x0000000083f00000, 0x0000000084000000, 0x0000000084000000|100%| O|  |TAMS 0x0000000084000000, 0x0000000083f00000| Untracked 
|  64|0x0000000084000000, 0x0000000084100000, 0x0000000084100000|100%|HS|  |TAMS 0x0000000084100000, 0x0000000084000000| Complete 
|  65|0x0000000084100000, 0x0000000084200000, 0x0000000084200000|100%|HC|  |TAMS 0x0000000084200000, 0x0000000084100000| Complete 
|  66|0x0000000084200000, 0x0000000084300000, 0x0000000084300000|100%|HC|  |TAMS 0x0000000084300000, 0x0000000084200000| Complete 
|  67|0x0000000084300000, 0x0000000084400000, 0x0000000084400000|100%|HC|  |TAMS 0x0000000084400000, 0x0000000084300000| Complete 
|  68|0x0000000084400000, 0x0000000084500000, 0x0000000084500000|100%|HC|  |TAMS 0x0000000084500000, 0x0000000084400000| Complete 
|  69|0x0000000084500000, 0x0000000084600000, 0x0000000084600000|100%| O|  |TAMS 0x0000000084600000, 0x0000000084500000| Untracked 
|  70|0x0000000084600000, 0x0000000084700000, 0x0000000084700000|100%| O|  |TAMS 0x0000000084700000, 0x0000000084600000| Untracked 
|  71|0x0000000084700000, 0x0000000084800000, 0x0000000084800000|100%| O|  |TAMS 0x0000000084800000, 0x0000000084700000| Untracked 
|  72|0x0000000084800000, 0x0000000084900000, 0x0000000084900000|100%| O|  |TAMS 0x0000000084900000, 0x0000000084800000| Untracked 
|  73|0x0000000084900000, 0x0000000084a00000, 0x0000000084a00000|100%| O|  |TAMS 0x0000000084a00000, 0x0000000084900000| Untracked 
|  74|0x0000000084a00000, 0x0000000084b00000, 0x0000000084b00000|100%|HS|  |TAMS 0x0000000084b00000, 0x0000000084a00000| Complete 
|  75|0x0000000084b00000, 0x0000000084c00000, 0x0000000084c00000|100%|HS|  |TAMS 0x0000000084c00000, 0x0000000084b00000| Complete 
|  76|0x0000000084c00000, 0x0000000084d00000, 0x0000000084d00000|100%|HS|  |TAMS 0x0000000084d00000, 0x0000000084c00000| Complete 
|  77|0x0000000084d00000, 0x0000000084e00000, 0x0000000084e00000|100%|HS|  |TAMS 0x0000000084e00000, 0x0000000084d00000| Complete 
|  78|0x0000000084e00000, 0x0000000084f00000, 0x0000000084f00000|100%|HC|  |TAMS 0x0000000084f00000, 0x0000000084e00000| Complete 
|  79|0x0000000084f00000, 0x0000000085000000, 0x0000000085000000|100%|HC|  |TAMS 0x0000000085000000, 0x0000000084f00000| Complete 
|  80|0x0000000085000000, 0x0000000085100000, 0x0000000085100000|100%|HC|  |TAMS 0x0000000085100000, 0x0000000085000000| Complete 
|  81|0x0000000085100000, 0x0000000085200000, 0x0000000085200000|100%| O|  |TAMS 0x0000000085100000, 0x0000000085100000| Untracked 
|  82|0x0000000085200000, 0x0000000085300000, 0x0000000085300000|100%| O|  |TAMS 0x0000000085200000, 0x0000000085200000| Untracked 
|  83|0x0000000085300000, 0x00000000853d7000, 0x0000000085400000| 83%| O|  |TAMS 0x0000000085300000, 0x0000000085300000| Untracked 
|  84|0x0000000085400000, 0x0000000085500000, 0x0000000085500000|100%|HS|  |TAMS 0x0000000085400000, 0x0000000085400000| Complete 
|  85|0x0000000085500000, 0x0000000085600000, 0x0000000085600000|100%|HS|  |TAMS 0x0000000085500000, 0x0000000085500000| Complete 
|  86|0x0000000085600000, 0x0000000085700000, 0x0000000085700000|100%|HC|  |TAMS 0x0000000085600000, 0x0000000085600000| Complete 
|  87|0x0000000085700000, 0x0000000085700000, 0x0000000085800000|  0%| F|  |TAMS 0x0000000085700000, 0x0000000085700000| Untracked 
|  88|0x0000000085800000, 0x0000000085800000, 0x0000000085900000|  0%| F|  |TAMS 0x0000000085800000, 0x0000000085800000| Untracked 
|  89|0x0000000085900000, 0x0000000085900000, 0x0000000085a00000|  0%| F|  |TAMS 0x0000000085900000, 0x0000000085900000| Untracked 
|  90|0x0000000085a00000, 0x0000000085a00000, 0x0000000085b00000|  0%| F|  |TAMS 0x0000000085a00000, 0x0000000085a00000| Untracked 
|  91|0x0000000085b00000, 0x0000000085b00000, 0x0000000085c00000|  0%| F|  |TAMS 0x0000000085b00000, 0x0000000085b00000| Untracked 
|  92|0x0000000085c00000, 0x0000000085c00000, 0x0000000085d00000|  0%| F|  |TAMS 0x0000000085c00000, 0x0000000085c00000| Untracked 
|  93|0x0000000085d00000, 0x0000000085d00000, 0x0000000085e00000|  0%| F|  |TAMS 0x0000000085d00000, 0x0000000085d00000| Untracked 
|  94|0x0000000085e00000, 0x0000000085e00000, 0x0000000085f00000|  0%| F|  |TAMS 0x0000000085e00000, 0x0000000085e00000| Untracked 
|  95|0x0000000085f00000, 0x0000000085f00000, 0x0000000086000000|  0%| F|  |TAMS 0x0000000085f00000, 0x0000000085f00000| Untracked 
|  96|0x0000000086000000, 0x0000000086000000, 0x0000000086100000|  0%| F|  |TAMS 0x0000000086000000, 0x0000000086000000| Untracked 
|  97|0x0000000086100000, 0x0000000086100000, 0x0000000086200000|  0%| F|  |TAMS 0x0000000086100000, 0x0000000086100000| Untracked 
|  98|0x0000000086200000, 0x0000000086200000, 0x0000000086300000|  0%| F|  |TAMS 0x0000000086200000, 0x0000000086200000| Untracked 
|  99|0x0000000086300000, 0x0000000086300000, 0x0000000086400000|  0%| F|  |TAMS 0x0000000086300000, 0x0000000086300000| Untracked 
| 100|0x0000000086400000, 0x0000000086400000, 0x0000000086500000|  0%| F|  |TAMS 0x0000000086400000, 0x0000000086400000| Untracked 
| 101|0x0000000086500000, 0x0000000086500000, 0x0000000086600000|  0%| F|  |TAMS 0x0000000086500000, 0x0000000086500000| Untracked 
| 102|0x0000000086600000, 0x0000000086600000, 0x0000000086700000|  0%| F|  |TAMS 0x0000000086600000, 0x0000000086600000| Untracked 
| 103|0x0000000086700000, 0x0000000086700000, 0x0000000086800000|  0%| F|  |TAMS 0x0000000086700000, 0x0000000086700000| Untracked 
| 104|0x0000000086800000, 0x0000000086800000, 0x0000000086900000|  0%| F|  |TAMS 0x0000000086800000, 0x0000000086800000| Untracked 
| 105|0x0000000086900000, 0x0000000086900000, 0x0000000086a00000|  0%| F|  |TAMS 0x0000000086900000, 0x0000000086900000| Untracked 
| 106|0x0000000086a00000, 0x0000000086a00000, 0x0000000086b00000|  0%| F|  |TAMS 0x0000000086a00000, 0x0000000086a00000| Untracked 
| 107|0x0000000086b00000, 0x0000000086b00000, 0x0000000086c00000|  0%| F|  |TAMS 0x0000000086b00000, 0x0000000086b00000| Untracked 
| 108|0x0000000086c00000, 0x0000000086c00000, 0x0000000086d00000|  0%| F|  |TAMS 0x0000000086c00000, 0x0000000086c00000| Untracked 
| 109|0x0000000086d00000, 0x0000000086d00000, 0x0000000086e00000|  0%| F|  |TAMS 0x0000000086d00000, 0x0000000086d00000| Untracked 
| 110|0x0000000086e00000, 0x0000000086e00000, 0x0000000086f00000|  0%| F|  |TAMS 0x0000000086e00000, 0x0000000086e00000| Untracked 
| 111|0x0000000086f00000, 0x0000000086f00000, 0x0000000087000000|  0%| F|  |TAMS 0x0000000086f00000, 0x0000000086f00000| Untracked 
| 112|0x0000000087000000, 0x0000000087000000, 0x0000000087100000|  0%| F|  |TAMS 0x0000000087000000, 0x0000000087000000| Untracked 
| 113|0x0000000087100000, 0x0000000087100000, 0x0000000087200000|  0%| F|  |TAMS 0x0000000087100000, 0x0000000087100000| Untracked 
| 114|0x0000000087200000, 0x0000000087200000, 0x0000000087300000|  0%| F|  |TAMS 0x0000000087200000, 0x0000000087200000| Untracked 
| 115|0x0000000087300000, 0x0000000087300000, 0x0000000087400000|  0%| F|  |TAMS 0x0000000087300000, 0x0000000087300000| Untracked 
| 116|0x0000000087400000, 0x0000000087400000, 0x0000000087500000|  0%| F|  |TAMS 0x0000000087400000, 0x0000000087400000| Untracked 
| 117|0x0000000087500000, 0x0000000087500000, 0x0000000087600000|  0%| F|  |TAMS 0x0000000087500000, 0x0000000087500000| Untracked 
| 118|0x0000000087600000, 0x0000000087600000, 0x0000000087700000|  0%| F|  |TAMS 0x0000000087600000, 0x0000000087600000| Untracked 
| 119|0x0000000087700000, 0x00000000877d53b8, 0x0000000087800000| 83%| S|CS|TAMS 0x0000000087700000, 0x0000000087700000| Complete 
| 120|0x0000000087800000, 0x0000000087900000, 0x0000000087900000|100%| S|CS|TAMS 0x0000000087800000, 0x0000000087800000| Complete 
| 121|0x0000000087900000, 0x0000000087a00000, 0x0000000087a00000|100%| S|CS|TAMS 0x0000000087900000, 0x0000000087900000| Complete 
| 122|0x0000000087a00000, 0x0000000087b00000, 0x0000000087b00000|100%| S|CS|TAMS 0x0000000087a00000, 0x0000000087a00000| Complete 
| 123|0x0000000087b00000, 0x0000000087c00000, 0x0000000087c00000|100%| S|CS|TAMS 0x0000000087b00000, 0x0000000087b00000| Complete 
| 124|0x0000000087c00000, 0x0000000087d00000, 0x0000000087d00000|100%| S|CS|TAMS 0x0000000087c00000, 0x0000000087c00000| Complete 
| 125|0x0000000087d00000, 0x0000000087d00000, 0x0000000087e00000|  0%| F|  |TAMS 0x0000000087d00000, 0x0000000087d00000| Untracked 
| 126|0x0000000087e00000, 0x0000000087e00000, 0x0000000087f00000|  0%| F|  |TAMS 0x0000000087e00000, 0x0000000087e00000| Untracked 
| 127|0x0000000087f00000, 0x0000000087f82010, 0x0000000088000000| 50%| E|  |TAMS 0x0000000087f00000, 0x0000000087f00000| Complete 
| 128|0x0000000088000000, 0x0000000088100000, 0x0000000088100000|100%| E|CS|TAMS 0x0000000088000000, 0x0000000088000000| Complete 
| 129|0x0000000088100000, 0x0000000088200000, 0x0000000088200000|100%| E|CS|TAMS 0x0000000088100000, 0x0000000088100000| Complete 
| 130|0x0000000088200000, 0x0000000088300000, 0x0000000088300000|100%| E|CS|TAMS 0x0000000088200000, 0x0000000088200000| Complete 
| 131|0x0000000088300000, 0x0000000088400000, 0x0000000088400000|100%| E|CS|TAMS 0x0000000088300000, 0x0000000088300000| Complete 
| 132|0x0000000088400000, 0x0000000088500000, 0x0000000088500000|100%| E|CS|TAMS 0x0000000088400000, 0x0000000088400000| Complete 
| 133|0x0000000088500000, 0x0000000088600000, 0x0000000088600000|100%| E|CS|TAMS 0x0000000088500000, 0x0000000088500000| Complete 
| 134|0x0000000088600000, 0x0000000088700000, 0x0000000088700000|100%| E|CS|TAMS 0x0000000088600000, 0x0000000088600000| Complete 
| 135|0x0000000088700000, 0x0000000088800000, 0x0000000088800000|100%| E|CS|TAMS 0x0000000088700000, 0x0000000088700000| Complete 
| 136|0x0000000088800000, 0x0000000088900000, 0x0000000088900000|100%| E|CS|TAMS 0x0000000088800000, 0x0000000088800000| Complete 
| 137|0x0000000088900000, 0x0000000088a00000, 0x0000000088a00000|100%| E|CS|TAMS 0x0000000088900000, 0x0000000088900000| Complete 
| 138|0x0000000088a00000, 0x0000000088b00000, 0x0000000088b00000|100%| E|CS|TAMS 0x0000000088a00000, 0x0000000088a00000| Complete 
| 139|0x0000000088b00000, 0x0000000088c00000, 0x0000000088c00000|100%| E|CS|TAMS 0x0000000088b00000, 0x0000000088b00000| Complete 
| 140|0x0000000088c00000, 0x0000000088d00000, 0x0000000088d00000|100%| E|CS|TAMS 0x0000000088c00000, 0x0000000088c00000| Complete 
| 141|0x0000000088d00000, 0x0000000088e00000, 0x0000000088e00000|100%| E|CS|TAMS 0x0000000088d00000, 0x0000000088d00000| Complete 
| 142|0x0000000088e00000, 0x0000000088f00000, 0x0000000088f00000|100%| E|CS|TAMS 0x0000000088e00000, 0x0000000088e00000| Complete 
| 143|0x0000000088f00000, 0x0000000089000000, 0x0000000089000000|100%| E|CS|TAMS 0x0000000088f00000, 0x0000000088f00000| Complete 
| 144|0x0000000089000000, 0x0000000089100000, 0x0000000089100000|100%| E|CS|TAMS 0x0000000089000000, 0x0000000089000000| Complete 
| 145|0x0000000089100000, 0x0000000089200000, 0x0000000089200000|100%| E|CS|TAMS 0x0000000089100000, 0x0000000089100000| Complete 
| 146|0x0000000089200000, 0x0000000089300000, 0x0000000089300000|100%| E|CS|TAMS 0x0000000089200000, 0x0000000089200000| Complete 
| 147|0x0000000089300000, 0x0000000089400000, 0x0000000089400000|100%| E|CS|TAMS 0x0000000089300000, 0x0000000089300000| Complete 
| 148|0x0000000089400000, 0x0000000089500000, 0x0000000089500000|100%| E|CS|TAMS 0x0000000089400000, 0x0000000089400000| Complete 
| 149|0x0000000089500000, 0x0000000089600000, 0x0000000089600000|100%| E|CS|TAMS 0x0000000089500000, 0x0000000089500000| Complete 
| 150|0x0000000089600000, 0x0000000089700000, 0x0000000089700000|100%| E|CS|TAMS 0x0000000089600000, 0x0000000089600000| Complete 
| 151|0x0000000089700000, 0x0000000089800000, 0x0000000089800000|100%| E|CS|TAMS 0x0000000089700000, 0x0000000089700000| Complete 
| 152|0x0000000089800000, 0x0000000089900000, 0x0000000089900000|100%| E|CS|TAMS 0x0000000089800000, 0x0000000089800000| Complete 
| 153|0x0000000089900000, 0x0000000089a00000, 0x0000000089a00000|100%| E|CS|TAMS 0x0000000089900000, 0x0000000089900000| Complete 
| 154|0x0000000089a00000, 0x0000000089b00000, 0x0000000089b00000|100%| E|CS|TAMS 0x0000000089a00000, 0x0000000089a00000| Complete 
| 155|0x0000000089b00000, 0x0000000089c00000, 0x0000000089c00000|100%| E|CS|TAMS 0x0000000089b00000, 0x0000000089b00000| Complete 
| 156|0x0000000089c00000, 0x0000000089d00000, 0x0000000089d00000|100%| E|CS|TAMS 0x0000000089c00000, 0x0000000089c00000| Complete 

Card table byte_map: [0x0000011e21c00000,0x0000011e22000000] _byte_map_base: 0x0000011e21800000

Marking Bits (Prev, Next): (CMBitMap*) 0x0000011e0af22f90, (CMBitMap*) 0x0000011e0af22f50
 Prev Bits: [0x0000011e24400000, 0x0000011e26400000)
 Next Bits: [0x0000011e22400000, 0x0000011e24400000)

Polling page: 0x0000011e08ec0000

Metaspace:

Usage:
  Non-class:     48.13 MB used.
      Class:      7.53 MB used.
       Both:     55.67 MB used.

Virtual space:
  Non-class space:       64.00 MB reserved,      48.88 MB ( 76%) committed,  1 nodes.
      Class space:        1.00 GB reserved,       8.38 MB ( <1%) committed,  1 nodes.
             Both:        1.06 GB reserved,      57.25 MB (  5%) committed. 

Chunk freelists:
   Non-Class:  2.59 MB
       Class:  3.48 MB
        Both:  6.08 MB

MaxMetaspaceSize: unlimited
CompressedClassSpaceSize: 1.00 GB
Initial GC threshold: 21.00 MB
Current GC threshold: 87.94 MB
CDS: on
MetaspaceReclaimPolicy: balanced
 - commit_granule_bytes: 65536.
 - commit_granule_words: 8192.
 - virtual_space_node_default_size: 8388608.
 - enlarge_chunks_in_place: 1.
 - new_chunks_are_fully_committed: 0.
 - uncommit_free_chunks: 1.
 - use_allocation_guard: 0.


Internal statistics:

num_allocs_failed_limit: 6.
num_arena_births: 2696.
num_arena_deaths: 0.
num_vsnodes_births: 2.
num_vsnodes_deaths: 0.
num_space_committed: 916.
num_space_uncommitted: 0.
num_chunks_returned_to_freelist: 6.
num_chunks_taken_from_freelist: 5222.
num_chunk_merges: 6.
num_chunk_splits: 3449.
num_chunks_enlarged: 2225.
num_inconsistent_stats: 0.

CodeHeap 'non-profiled nmethods': size=120000Kb used=3074Kb max_used=3074Kb free=116925Kb
 bounds [0x0000011e1a2d0000, 0x0000011e1a5e0000, 0x0000011e21800000]
CodeHeap 'profiled nmethods': size=120000Kb used=12814Kb max_used=12814Kb free=107185Kb
 bounds [0x0000011e12da0000, 0x0000011e13a30000, 0x0000011e1a2d0000]
CodeHeap 'non-nmethods': size=5760Kb used=2349Kb max_used=2378Kb free=3410Kb
 bounds [0x0000011e12800000, 0x0000011e12a70000, 0x0000011e12da0000]
 total_blobs=7378 nmethods=6519 adapters=772
 compilation: enabled
              stopped_count=0, restarted_count=0
 full_count=0

Compilation events (20 events):
Event: 83.243 Thread 0x0000011e28875d10 7397       3       org.gradle.api.internal.provider.AbstractProperty::getValidationDisplayName (16 bytes)
Event: 83.243 Thread 0x0000011e28875d10 nmethod 7397 0x0000011e13a17810 code [0x0000011e13a179a0, 0x0000011e13a17b18]
Event: 83.253 Thread 0x0000011e28875d10 7399       3       com.google.common.collect.ImmutableMapEntrySet::size (8 bytes)
Event: 83.254 Thread 0x0000011e28875d10 nmethod 7399 0x0000011e13a17b90 code [0x0000011e13a17d40, 0x0000011e13a17fd8]
Event: 83.255 Thread 0x0000011e28875d10 7400       3       java.util.HashMap$EntrySet::size (8 bytes)
Event: 83.256 Thread 0x0000011e28875d10 nmethod 7400 0x0000011e13a18090 code [0x0000011e13a18220, 0x0000011e13a18338]
Event: 83.257 Thread 0x0000011e28875d10 7401       3       com.google.common.collect.ImmutableMap$Builder::putAll (11 bytes)
Event: 83.257 Thread 0x0000011e28875d10 nmethod 7401 0x0000011e13a18410 code [0x0000011e13a185c0, 0x0000011e13a187d8]
Event: 83.258 Thread 0x0000011e28875d10 7402       3       com.google.common.collect.ImmutableMap$Builder::putAll (62 bytes)
Event: 83.259 Thread 0x0000011e28875d10 nmethod 7402 0x0000011e13a18910 code [0x0000011e13a18b60, 0x0000011e13a19678]
Event: 83.259 Thread 0x0000011e28875d10 7404       3       org.gradle.api.internal.provider.DefaultProperty::set (42 bytes)
Event: 83.262 Thread 0x0000011e28875d10 nmethod 7404 0x0000011e13a19910 code [0x0000011e13a19b60, 0x0000011e13a1a918]
Event: 83.262 Thread 0x0000011e28875d10 7406       3       com.google.common.reflect.TypeResolver::resolveTypes (32 bytes)
Event: 83.263 Thread 0x0000011e28875d10 nmethod 7406 0x0000011e13a1ac90 code [0x0000011e13a1ae60, 0x0000011e13a1b2c8]
Event: 83.263 Thread 0x0000011e28875d10 7403       3       org.gradle.api.internal.provider.sources.GradlePropertyValueSource$Parameters_Decorated::getPropertyName (34 bytes)
Event: 83.265 Thread 0x0000011e28875d10 nmethod 7403 0x0000011e13a1b490 code [0x0000011e13a1b660, 0x0000011e13a1ba78]
Event: 83.265 Thread 0x0000011e28875d10 7405       3       org.gradle.api.internal.provider.AbstractMinimalProvider::asSupplier (96 bytes)
Event: 83.270 Thread 0x0000011e28875d10 nmethod 7405 0x0000011e13a1bc10 code [0x0000011e13a1bf60, 0x0000011e13a1d658]
Event: 83.270 Thread 0x0000011e28875d10 7407       3       java.lang.Class::isMemberClass (20 bytes)
Event: 83.271 Thread 0x0000011e28875d10 nmethod 7407 0x0000011e13a1dd90 code [0x0000011e13a1df60, 0x0000011e13a1e2a8]

GC Heap History (20 events):
Event: 63.687 GC heap before
{Heap before GC invocations=12 (full 0):
 garbage-first heap   total 114688K, used 54932K [0x0000000080000000, 0x0000000100000000)
  region size 1024K, 4 young (4096K), 3 survivors (3072K)
 Metaspace       used 36582K, committed 37888K, reserved 1114112K
  class space    used 5102K, committed 5760K, reserved 1048576K
}
Event: 63.698 GC heap after
{Heap after GC invocations=13 (full 0):
 garbage-first heap   total 114688K, used 55618K [0x0000000080000000, 0x0000000100000000)
  region size 1024K, 4 young (4096K), 4 survivors (4096K)
 Metaspace       used 36582K, committed 37888K, reserved 1114112K
  class space    used 5102K, committed 5760K, reserved 1048576K
}
Event: 65.527 GC heap before
{Heap before GC invocations=14 (full 0):
 garbage-first heap   total 114688K, used 77122K [0x0000000080000000, 0x0000000100000000)
  region size 1024K, 21 young (21504K), 4 survivors (4096K)
 Metaspace       used 37762K, committed 39040K, reserved 1114112K
  class space    used 5242K, committed 5888K, reserved 1048576K
}
Event: 65.557 GC heap after
{Heap after GC invocations=15 (full 0):
 garbage-first heap   total 114688K, used 63696K [0x0000000080000000, 0x0000000100000000)
  region size 1024K, 4 young (4096K), 4 survivors (4096K)
 Metaspace       used 37762K, committed 39040K, reserved 1114112K
  class space    used 5242K, committed 5888K, reserved 1048576K
}
Event: 67.230 GC heap before
{Heap before GC invocations=16 (full 0):
 garbage-first heap   total 114688K, used 86224K [0x0000000080000000, 0x0000000100000000)
  region size 1024K, 26 young (26624K), 4 survivors (4096K)
 Metaspace       used 39809K, committed 41216K, reserved 1114112K
  class space    used 5452K, committed 6144K, reserved 1048576K
}
Event: 67.249 GC heap after
{Heap after GC invocations=17 (full 0):
 garbage-first heap   total 114688K, used 65628K [0x0000000080000000, 0x0000000100000000)
  region size 1024K, 3 young (3072K), 3 survivors (3072K)
 Metaspace       used 39809K, committed 41216K, reserved 1114112K
  class space    used 5452K, committed 6144K, reserved 1048576K
}
Event: 67.575 GC heap before
{Heap before GC invocations=17 (full 0):
 garbage-first heap   total 114688K, used 70748K [0x0000000080000000, 0x0000000100000000)
  region size 1024K, 9 young (9216K), 3 survivors (3072K)
 Metaspace       used 40361K, committed 41792K, reserved 1114112K
  class space    used 5557K, committed 6272K, reserved 1048576K
}
Event: 67.589 GC heap after
{Heap after GC invocations=18 (full 0):
 garbage-first heap   total 114688K, used 66022K [0x0000000080000000, 0x0000000100000000)
  region size 1024K, 1 young (1024K), 1 survivors (1024K)
 Metaspace       used 40361K, committed 41792K, reserved 1114112K
  class space    used 5557K, committed 6272K, reserved 1048576K
}
Event: 69.532 GC heap before
{Heap before GC invocations=19 (full 0):
 garbage-first heap   total 126976K, used 94694K [0x0000000080000000, 0x0000000100000000)
  region size 1024K, 24 young (24576K), 1 survivors (1024K)
 Metaspace       used 42963K, committed 44480K, reserved 1114112K
  class space    used 5979K, committed 6784K, reserved 1048576K
}
Event: 69.545 GC heap after
{Heap after GC invocations=20 (full 0):
 garbage-first heap   total 126976K, used 73213K [0x0000000080000000, 0x0000000100000000)
  region size 1024K, 3 young (3072K), 3 survivors (3072K)
 Metaspace       used 42963K, committed 44480K, reserved 1114112K
  class space    used 5979K, committed 6784K, reserved 1048576K
}
Event: 72.378 GC heap before
{Heap before GC invocations=20 (full 0):
 garbage-first heap   total 126976K, used 98813K [0x0000000080000000, 0x0000000100000000)
  region size 1024K, 29 young (29696K), 3 survivors (3072K)
 Metaspace       used 44000K, committed 45504K, reserved 1114112K
  class space    used 6066K, committed 6848K, reserved 1048576K
}
Event: 72.398 GC heap after
{Heap after GC invocations=21 (full 0):
 garbage-first heap   total 126976K, used 75686K [0x0000000080000000, 0x0000000100000000)
  region size 1024K, 3 young (3072K), 3 survivors (3072K)
 Metaspace       used 44000K, committed 45504K, reserved 1114112K
  class space    used 6066K, committed 6848K, reserved 1048576K
}
Event: 75.255 GC heap before
{Heap before GC invocations=22 (full 0):
 garbage-first heap   total 133120K, used 100262K [0x0000000080000000, 0x0000000100000000)
  region size 1024K, 28 young (28672K), 3 survivors (3072K)
 Metaspace       used 46776K, committed 48320K, reserved 1114112K
  class space    used 6527K, committed 7296K, reserved 1048576K
}
Event: 75.275 GC heap after
{Heap after GC invocations=23 (full 0):
 garbage-first heap   total 133120K, used 77583K [0x0000000080000000, 0x0000000100000000)
  region size 1024K, 2 young (2048K), 2 survivors (2048K)
 Metaspace       used 46776K, committed 48320K, reserved 1114112K
  class space    used 6527K, committed 7296K, reserved 1048576K
}
Event: 77.723 GC heap before
{Heap before GC invocations=23 (full 0):
 garbage-first heap   total 133120K, used 99087K [0x0000000080000000, 0x0000000100000000)
  region size 1024K, 25 young (25600K), 2 survivors (2048K)
 Metaspace       used 48853K, committed 50304K, reserved 1114112K
  class space    used 6744K, committed 7488K, reserved 1048576K
}
Event: 77.741 GC heap after
{Heap after GC invocations=24 (full 0):
 garbage-first heap   total 159744K, used 78739K [0x0000000080000000, 0x0000000100000000)
  region size 1024K, 3 young (3072K), 3 survivors (3072K)
 Metaspace       used 48853K, committed 50304K, reserved 1114112K
  class space    used 6744K, committed 7488K, reserved 1048576K
}
Event: 78.270 GC heap before
{Heap before GC invocations=25 (full 0):
 garbage-first heap   total 159744K, used 85907K [0x0000000080000000, 0x0000000100000000)
  region size 1024K, 8 young (8192K), 3 survivors (3072K)
 Metaspace       used 48977K, committed 50560K, reserved 1114112K
  class space    used 6759K, committed 7552K, reserved 1048576K
}
Event: 78.291 GC heap after
{Heap after GC invocations=26 (full 0):
 garbage-first heap   total 159744K, used 84992K [0x0000000080000000, 0x0000000100000000)
  region size 1024K, 6 young (6144K), 6 survivors (6144K)
 Metaspace       used 48977K, committed 50560K, reserved 1114112K
  class space    used 6759K, committed 7552K, reserved 1048576K
}
Event: 80.294 GC heap before
{Heap before GC invocations=27 (full 0):
 garbage-first heap   total 159744K, used 113664K [0x0000000080000000, 0x0000000100000000)
  region size 1024K, 31 young (31744K), 6 survivors (6144K)
 Metaspace       used 52226K, committed 53888K, reserved 1114112K
  class space    used 7177K, committed 8000K, reserved 1048576K
}
Event: 80.317 GC heap after
{Heap after GC invocations=28 (full 0):
 garbage-first heap   total 159744K, used 91824K [0x0000000080000000, 0x0000000100000000)
  region size 1024K, 6 young (6144K), 6 survivors (6144K)
 Metaspace       used 52226K, committed 53888K, reserved 1114112K
  class space    used 7177K, committed 8000K, reserved 1048576K
}

Deoptimization events (20 events):
Event: 79.931 Thread 0x0000011e2cf36ff0 Uncommon trap: trap_request=0xffffffde fr.pc=0x0000011e1a57348c relative=0x000000000000076c
Event: 79.931 Thread 0x0000011e2cf36ff0 Uncommon trap: reason=class_check action=maybe_recompile pc=0x0000011e1a57348c method=java.util.stream.AbstractPipeline.copyIntoWithCancel(Ljava/util/stream/Sink;Ljava/util/Spliterator;)Z @ 32 c2
Event: 79.931 Thread 0x0000011e2cf36ff0 DEOPT PACKING pc=0x0000011e1a57348c sp=0x00000001022f6230
Event: 79.931 Thread 0x0000011e2cf36ff0 DEOPT UNPACKING pc=0x0000011e128523a3 sp=0x00000001022f6100 mode 2
Event: 79.931 Thread 0x0000011e2cf36ff0 Uncommon trap: trap_request=0xffffffde fr.pc=0x0000011e1a57348c relative=0x000000000000076c
Event: 79.931 Thread 0x0000011e2cf36ff0 Uncommon trap: reason=class_check action=maybe_recompile pc=0x0000011e1a57348c method=java.util.stream.AbstractPipeline.copyIntoWithCancel(Ljava/util/stream/Sink;Ljava/util/Spliterator;)Z @ 32 c2
Event: 79.931 Thread 0x0000011e2cf36ff0 DEOPT PACKING pc=0x0000011e1a57348c sp=0x00000001022f6230
Event: 79.931 Thread 0x0000011e2cf36ff0 DEOPT UNPACKING pc=0x0000011e128523a3 sp=0x00000001022f6100 mode 2
Event: 79.954 Thread 0x0000011e2cf36ff0 Uncommon trap: trap_request=0xffffffbe fr.pc=0x0000011e1a384690 relative=0x0000000000000eb0
Event: 79.954 Thread 0x0000011e2cf36ff0 Uncommon trap: reason=profile_predicate action=maybe_recompile pc=0x0000011e1a384690 method=java.lang.invoke.InvokerBytecodeGenerator.<init>(Ljava/lang/String;Ljava/lang/String;Ljava/lang/invoke/LambdaForm;Ljava/lang/invoke/MethodType;)V @ 33 c2
Event: 79.954 Thread 0x0000011e2cf36ff0 DEOPT PACKING pc=0x0000011e1a384690 sp=0x00000001022f6570
Event: 79.954 Thread 0x0000011e2cf36ff0 DEOPT UNPACKING pc=0x0000011e128523a3 sp=0x00000001022f6520 mode 2
Event: 79.955 Thread 0x0000011e2cf36ff0 Uncommon trap: trap_request=0xffffffbe fr.pc=0x0000011e1a384690 relative=0x0000000000000eb0
Event: 79.955 Thread 0x0000011e2cf36ff0 Uncommon trap: reason=profile_predicate action=maybe_recompile pc=0x0000011e1a384690 method=java.lang.invoke.InvokerBytecodeGenerator.<init>(Ljava/lang/String;Ljava/lang/String;Ljava/lang/invoke/LambdaForm;Ljava/lang/invoke/MethodType;)V @ 33 c2
Event: 79.955 Thread 0x0000011e2cf36ff0 DEOPT PACKING pc=0x0000011e1a384690 sp=0x00000001022f6510
Event: 79.955 Thread 0x0000011e2cf36ff0 DEOPT UNPACKING pc=0x0000011e128523a3 sp=0x00000001022f64c0 mode 2
Event: 80.320 Thread 0x0000011e2cc7ba10 Uncommon trap: trap_request=0xffffffde fr.pc=0x0000011e1a56a7a8 relative=0x0000000000000488
Event: 80.320 Thread 0x0000011e2cc7ba10 Uncommon trap: reason=class_check action=maybe_recompile pc=0x0000011e1a56a7a8 method=jdk.internal.ref.PhantomCleanable.clean()V @ 12 c2
Event: 80.320 Thread 0x0000011e2cc7ba10 DEOPT PACKING pc=0x0000011e1a56a7a8 sp=0x00000001016ff0f0
Event: 80.320 Thread 0x0000011e2cc7ba10 DEOPT UNPACKING pc=0x0000011e128523a3 sp=0x00000001016ff0d0 mode 2

Classes loaded (20 events):
Event: 82.516 Loading class java/lang/management/ClassLoadingMXBean
Event: 82.517 Loading class java/lang/management/ClassLoadingMXBean done
Event: 82.517 Loading class sun/management/ClassLoadingImpl
Event: 82.518 Loading class sun/management/ClassLoadingImpl done
Event: 82.576 Loading class java/lang/management/ThreadMXBean
Event: 82.577 Loading class java/lang/management/ThreadMXBean done
Event: 82.577 Loading class com/sun/management/internal/HotSpotThreadImpl
Event: 82.578 Loading class com/sun/management/ThreadMXBean
Event: 82.579 Loading class com/sun/management/ThreadMXBean done
Event: 82.579 Loading class sun/management/ThreadImpl
Event: 82.580 Loading class sun/management/ThreadImpl done
Event: 82.580 Loading class com/sun/management/internal/HotSpotThreadImpl done
Event: 82.582 Loading class java/util/Collections$SynchronizedRandomAccessList
Event: 82.583 Loading class java/util/Collections$SynchronizedList
Event: 82.583 Loading class java/util/Collections$SynchronizedList done
Event: 82.584 Loading class java/util/Collections$SynchronizedRandomAccessList done
Event: 82.609 Loading class java/util/concurrent/Executors$DefaultThreadFactory
Event: 82.610 Loading class java/util/concurrent/Executors$DefaultThreadFactory done
Event: 83.143 Loading class jdk/internal/access/foreign/MemorySegmentProxy
Event: 83.144 Loading class jdk/internal/access/foreign/MemorySegmentProxy done

Classes unloaded (0 events):
No events

Classes redefined (0 events):
No events

Internal exceptions (20 events):
Event: 68.891 Thread 0x0000011e2cf36ff0 Exception <a 'java/lang/ClassNotFoundException'{0x000000008705b280}: org/gradle/plugin/use/internal/PluginRequestCollector$PluginDependenciesSpecImplCustomizer> (0x000000008705b280) 
thrown [s\open\src\hotspot\share\classfile\systemDictionary.cpp, line 255]
Event: 68.896 Thread 0x0000011e2cf36ff0 Exception <a 'java/lang/NoSuchMethodError'{0x0000000087069b68}: 'java.lang.Object java.lang.invoke.DirectMethodHandle$Holder.invokeVirtual(java.lang.Object, java.lang.Object, java.lang.Object, int)'> (0x0000000087069b68) 
thrown [s\open\src\hotspot\share\interpreter\linkResolver.cpp, line 759]
Event: 68.908 Thread 0x0000011e2cf36ff0 Exception <a 'java/lang/ClassNotFoundException'{0x00000000870965a8}: org/gradle/plugin/use/internal/PluginRequestCollector$PluginDependencySpecImplBeanInfo> (0x00000000870965a8) 
thrown [s\open\src\hotspot\share\classfile\systemDictionary.cpp, line 255]
Event: 68.911 Thread 0x0000011e2cf36ff0 Exception <a 'java/lang/ClassNotFoundException'{0x00000000870a4bc0}: org/gradle/plugin/use/internal/PluginRequestCollector$PluginDependencySpecImplCustomizer> (0x00000000870a4bc0) 
thrown [s\open\src\hotspot\share\classfile\systemDictionary.cpp, line 255]
Event: 69.635 Thread 0x0000011e2cf36ff0 Exception <a 'java/lang/NoSuchMethodError'{0x0000000087a222d0}: 'void java.lang.invoke.DirectMethodHandle$Holder.invokeStatic(java.lang.Object, java.lang.Object, java.lang.Object, int, java.lang.Object)'> (0x0000000087a222d0) 
thrown [s\open\src\hotspot\share\interpreter\linkResolver.cpp, line 759]
Event: 70.890 Thread 0x0000011e2cf36ff0 Exception <a 'java/lang/NoSuchMethodError'{0x00000000873cf550}: 'void java.lang.invoke.DirectMethodHandle$Holder.invokeStatic(java.lang.Object, java.lang.Object, java.lang.Object, java.lang.Object, java.lang.Object, java.lang.Object)'> (0x00000000873cf550) 
thrown [s\open\src\hotspot\share\interpreter\linkResolver.cpp, line 759]
Event: 71.451 Thread 0x0000011e2cf36ff0 Implicit null exception at 0x0000011e1a5af46f to 0x0000011e1a5af680
Event: 72.861 Thread 0x0000011e2cf36ff0 Exception <a 'java/lang/NoSuchMethodError'{0x00000000881c3128}: 'void java.lang.invoke.DirectMethodHandle$Holder.invokeVirtual(java.lang.Object, java.lang.Object)'> (0x00000000881c3128) 
thrown [s\open\src\hotspot\share\interpreter\linkResolver.cpp, line 759]
Event: 72.908 Thread 0x0000011e2cf36ff0 Exception <a 'java/lang/NoSuchMethodError'{0x000000008802e768}: 'void java.lang.invoke.Invokers$Holder.invokeExact_MT(java.lang.Object, java.lang.Object, java.lang.Object, java.lang.Object)'> (0x000000008802e768) 
thrown [s\open\src\hotspot\share\interpreter\linkResolver.cpp, line 759]
Event: 76.380 Thread 0x0000011e2cf36ff0 Exception <a 'java/lang/NoSuchMethodError'{0x0000000087632550}: 'void java.lang.invoke.DirectMethodHandle$Holder.invokeSpecialIFC(java.lang.Object, java.lang.Object, java.lang.Object)'> (0x0000000087632550) 
thrown [s\open\src\hotspot\share\interpreter\linkResolver.cpp, line 759]
Event: 77.687 Thread 0x0000011e2cf36ff0 Exception <a 'java/lang/ClassNotFoundException'{0x0000000086b4a448}: build_ejwv0g2bofr43fanzj2c5hxvtBeanInfo> (0x0000000086b4a448) 
thrown [s\open\src\hotspot\share\classfile\systemDictionary.cpp, line 255]
Event: 77.689 Thread 0x0000011e2cf36ff0 Exception <a 'java/lang/ClassNotFoundException'{0x0000000086b50700}: build_ejwv0g2bofr43fanzj2c5hxvtCustomizer> (0x0000000086b50700) 
thrown [s\open\src\hotspot\share\classfile\systemDictionary.cpp, line 255]
Event: 79.027 Thread 0x0000011e2cf36ff0 Exception <a 'java/lang/NoSuchMethodError'{0x0000000088b681d8}: 'java.lang.Object java.lang.invoke.DirectMethodHandle$Holder.newInvokeSpecial(java.lang.Object, java.lang.Object, java.lang.Object, java.lang.Object, int)'> (0x0000000088b681d8) 
thrown [s\open\src\hotspot\share\interpreter\linkResolver.cpp, line 759]
Event: 79.030 Thread 0x0000011e2cf36ff0 Exception <a 'java/lang/NoSuchMethodError'{0x0000000088b6d7b0}: 'java.lang.Object java.lang.invoke.DirectMethodHandle$Holder.invokeSpecial(java.lang.Object, java.lang.Object, java.lang.Object, java.lang.Object, java.lang.Object, int)'> (0x0000000088b6d7b0) 
thrown [s\open\src\hotspot\share\interpreter\linkResolver.cpp, line 759]
Event: 79.031 Thread 0x0000011e2cf36ff0 Exception <a 'java/lang/NoSuchMethodError'{0x0000000088b72738}: 'java.lang.Object java.lang.invoke.Invokers$Holder.linkToTargetMethod(java.lang.Object, java.lang.Object, java.lang.Object, int, java.lang.Object)'> (0x0000000088b72738) 
thrown [s\open\src\hotspot\share\interpreter\linkResolver.cpp, line 759]
Event: 79.126 Thread 0x0000011e2cf36ff0 Exception <a 'java/lang/NoSuchMethodError'{0x0000000088a33020}: 'void java.lang.invoke.DirectMethodHandle$Holder.invokeSpecial(java.lang.Object, java.lang.Object, int)'> (0x0000000088a33020) 
thrown [s\open\src\hotspot\share\interpreter\linkResolver.cpp, line 759]
Event: 79.128 Thread 0x0000011e2cf36ff0 Exception <a 'java/lang/NoSuchMethodError'{0x0000000088a37a38}: 'void java.lang.invoke.Invokers$Holder.invokeExact_MT(java.lang.Object, int, java.lang.Object)'> (0x0000000088a37a38) 
thrown [s\open\src\hotspot\share\interpreter\linkResolver.cpp, line 759]
Event: 79.954 Thread 0x0000011e2cf36ff0 Exception <a 'java/lang/NoSuchMethodError'{0x00000000881495f0}: 'void java.lang.invoke.DelegatingMethodHandle$Holder.reinvoke_L(java.lang.Object, java.lang.Object, int)'> (0x00000000881495f0) 
thrown [s\open\src\hotspot\share\interpreter\linkResolver.cpp, line 759]
Event: 79.956 Thread 0x0000011e2cf36ff0 Exception <a 'java/lang/NoSuchMethodError'{0x00000000881514e8}: 'void java.lang.invoke.Invokers$Holder.invokeExact_MT(java.lang.Object, java.lang.Object, int, java.lang.Object)'> (0x00000000881514e8) 
thrown [s\open\src\hotspot\share\interpreter\linkResolver.cpp, line 759]
Event: 81.812 Thread 0x0000011e2cf36ff0 Exception <a 'java/lang/NoSuchMethodError'{0x000000008919e480}: 'int java.lang.invoke.DirectMethodHandle$Holder.invokeInterface(java.lang.Object, java.lang.Object, java.lang.Object, java.lang.Object)'> (0x000000008919e480) 
thrown [s\open\src\hotspot\share\interpreter\linkResolver.cpp, line 759]

VM Operations (20 events):
Event: 78.755 Executing VM operation: G1Concurrent
Event: 78.755 Executing VM operation: G1Concurrent done
Event: 79.757 Executing VM operation: Cleanup
Event: 79.765 Executing VM operation: Cleanup done
Event: 80.294 Executing VM operation: G1TryInitiateConcMark
Event: 80.318 Executing VM operation: G1TryInitiateConcMark done
Event: 80.636 Executing VM operation: G1Concurrent
Event: 80.651 Executing VM operation: G1Concurrent done
Event: 80.819 Executing VM operation: G1Concurrent
Event: 80.823 Executing VM operation: G1Concurrent done
Event: 81.074 Executing VM operation: HandshakeAllThreads
Event: 81.074 Executing VM operation: HandshakeAllThreads done
Event: 81.537 Executing VM operation: HandshakeAllThreads
Event: 81.537 Executing VM operation: HandshakeAllThreads done
Event: 81.777 Executing VM operation: HandshakeAllThreads
Event: 81.778 Executing VM operation: HandshakeAllThreads done
Event: 81.809 Executing VM operation: HandshakeAllThreads
Event: 81.809 Executing VM operation: HandshakeAllThreads done
Event: 82.813 Executing VM operation: Cleanup
Event: 82.814 Executing VM operation: Cleanup done

Events (20 events):
Event: 72.261 Thread 0x0000011e288fbd60 flushing nmethod 0x0000011e1380e690
Event: 72.261 Thread 0x0000011e288fbd60 flushing nmethod 0x0000011e13811810
Event: 72.261 Thread 0x0000011e288fbd60 flushing nmethod 0x0000011e13812890
Event: 72.261 Thread 0x0000011e288fbd60 flushing nmethod 0x0000011e1381a790
Event: 72.261 Thread 0x0000011e288fbd60 flushing nmethod 0x0000011e1381c510
Event: 72.261 Thread 0x0000011e288fbd60 flushing nmethod 0x0000011e1381cd10
Event: 72.261 Thread 0x0000011e288fbd60 flushing nmethod 0x0000011e1381d990
Event: 72.261 Thread 0x0000011e288fbd60 flushing nmethod 0x0000011e1381e590
Event: 72.261 Thread 0x0000011e288fbd60 flushing nmethod 0x0000011e1381f490
Event: 72.262 Thread 0x0000011e288fbd60 flushing nmethod 0x0000011e13888810
Event: 72.263 Thread 0x0000011e288fbd60 flushing nmethod 0x0000011e1393ef10
Event: 72.264 Thread 0x0000011e288fbd60 flushing nmethod 0x0000011e13978910
Event: 73.495 Thread 0x0000011e2d4548f0 Thread added: 0x0000011e2d4548f0
Event: 78.374 Thread 0x0000011e2d4548f0 Thread exited: 0x0000011e2d4548f0
Event: 79.478 Thread 0x0000011e2d5d5fe0 Thread added: 0x0000011e2d5d5fe0
Event: 79.872 Thread 0x0000011e2d5d5fe0 Thread exited: 0x0000011e2d5d5fe0
Event: 80.550 Thread 0x0000011e2d5d5fe0 Thread added: 0x0000011e2d5d5fe0
Event: 81.417 Thread 0x0000011e2d5d5fe0 Thread exited: 0x0000011e2d5d5fe0
Event: 82.056 Thread 0x0000011e2cff9a80 Thread added: 0x0000011e2cff9a80
Event: 82.644 Thread 0x0000011e2cff9a80 Thread exited: 0x0000011e2cff9a80


Dynamic libraries:
0x00007ff68c020000 - 0x00007ff68c030000 	C:\Program Files\Java\jdk-18.0.2\bin\java.exe
0x00007ff97a9b0000 - 0x00007ff97aba8000 	C:\WINDOWS\SYSTEM32\ntdll.dll
0x00007ff9795d0000 - 0x00007ff97968f000 	C:\WINDOWS\System32\KERNEL32.DLL
0x00007ff9782a0000 - 0x00007ff978572000 	C:\WINDOWS\System32\KERNELBASE.dll
0x00007ff978130000 - 0x00007ff978230000 	C:\WINDOWS\System32\ucrtbase.dll
0x00007ff964e60000 - 0x00007ff964e7a000 	C:\Program Files\Java\jdk-18.0.2\bin\VCRUNTIME140.dll
0x00007ff964d90000 - 0x00007ff964da8000 	C:\Program Files\Java\jdk-18.0.2\bin\jli.dll
0x00007ff979700000 - 0x00007ff9797ae000 	C:\WINDOWS\System32\ADVAPI32.dll
0x00007ff979430000 - 0x00007ff9794ce000 	C:\WINDOWS\System32\msvcrt.dll
0x00007ff979e90000 - 0x00007ff979f2c000 	C:\WINDOWS\System32\sechost.dll
0x00007ff97a7a0000 - 0x00007ff97a8c5000 	C:\WINDOWS\System32\RPCRT4.dll
0x00007ff978ff0000 - 0x00007ff979191000 	C:\WINDOWS\System32\USER32.dll
0x00007ff9789c0000 - 0x00007ff9789e2000 	C:\WINDOWS\System32\win32u.dll
0x00007ff9795a0000 - 0x00007ff9795cb000 	C:\WINDOWS\System32\GDI32.dll
0x00007ff978580000 - 0x00007ff97868f000 	C:\WINDOWS\System32\gdi32full.dll
0x00007ff978690000 - 0x00007ff97872d000 	C:\WINDOWS\System32\msvcp_win.dll
0x00007ff96fd40000 - 0x00007ff96fd4a000 	C:\WINDOWS\SYSTEM32\VERSION.dll
0x00007ff964820000 - 0x00007ff964aba000 	C:\WINDOWS\WinSxS\amd64_microsoft.windows.common-controls_6595b64144ccf1df_6.0.19041.1110_none_60b5254171f9507e\COMCTL32.dll
0x00007ff979340000 - 0x00007ff979372000 	C:\WINDOWS\System32\IMM32.DLL
0x00007ff968080000 - 0x00007ff96808c000 	C:\Program Files\Java\jdk-18.0.2\bin\vcruntime140_1.dll
0x00007ff90ae00000 - 0x00007ff90ae8d000 	C:\Program Files\Java\jdk-18.0.2\bin\msvcp140.dll
0x00007ff90a1e0000 - 0x00007ff90adf1000 	C:\Program Files\Java\jdk-18.0.2\bin\server\jvm.dll
0x00007ff9797d0000 - 0x00007ff9797d8000 	C:\WINDOWS\System32\PSAPI.DLL
0x00007ff968150000 - 0x00007ff968159000 	C:\WINDOWS\SYSTEM32\WSOCK32.dll
0x00007ff96fd10000 - 0x00007ff96fd37000 	C:\WINDOWS\SYSTEM32\WINMM.dll
0x00007ff979690000 - 0x00007ff9796fb000 	C:\WINDOWS\System32\WS2_32.dll
0x00007ff975f60000 - 0x00007ff975f72000 	C:\WINDOWS\SYSTEM32\kernel.appcore.dll
0x00007ff964e50000 - 0x00007ff964e5a000 	C:\Program Files\Java\jdk-18.0.2\bin\jimage.dll
0x00007ff96b800000 - 0x00007ff96b9e4000 	C:\WINDOWS\SYSTEM32\DBGHELP.DLL
0x00007ff96b7c0000 - 0x00007ff96b7f5000 	C:\WINDOWS\SYSTEM32\dbgcore.DLL
0x00007ff9780a0000 - 0x00007ff978122000 	C:\WINDOWS\System32\bcryptPrimitives.dll
0x00007ff964d60000 - 0x00007ff964d85000 	C:\Program Files\Java\jdk-18.0.2\bin\java.dll
0x00007ff90a100000 - 0x00007ff90a1d6000 	C:\Program Files\Java\jdk-18.0.2\bin\jsvml.dll
0x00007ff97a050000 - 0x00007ff97a794000 	C:\WINDOWS\System32\SHELL32.dll
0x00007ff976160000 - 0x00007ff9768f2000 	C:\WINDOWS\SYSTEM32\windows.storage.dll
0x00007ff978ae0000 - 0x00007ff978e35000 	C:\WINDOWS\System32\combase.dll
0x00007ff977a10000 - 0x00007ff977a40000 	C:\WINDOWS\SYSTEM32\Wldp.dll
0x00007ff9797e0000 - 0x00007ff97988d000 	C:\WINDOWS\System32\SHCORE.dll
0x00007ff979280000 - 0x00007ff9792d5000 	C:\WINDOWS\System32\shlwapi.dll
0x00007ff977fe0000 - 0x00007ff977fff000 	C:\WINDOWS\SYSTEM32\profapi.dll
0x00007ff964d10000 - 0x00007ff964d23000 	C:\Program Files\Java\jdk-18.0.2\bin\net.dll
0x00007ff96f4f0000 - 0x00007ff96f5fc000 	C:\WINDOWS\SYSTEM32\WINHTTP.dll
0x00007ff977780000 - 0x00007ff9777ea000 	C:\WINDOWS\system32\mswsock.dll
0x00007ff935d40000 - 0x00007ff935d56000 	C:\Program Files\Java\jdk-18.0.2\bin\nio.dll
0x00007ff935b90000 - 0x00007ff935ba8000 	C:\Program Files\Java\jdk-18.0.2\bin\zip.dll
0x00007ff964c40000 - 0x00007ff964c50000 	C:\Program Files\Java\jdk-18.0.2\bin\verify.dll
0x00007ff968090000 - 0x00007ff9680b7000 	C:\Users\acer\.gradle\native\e1d6ef7f7dcc3fd88c89a11ec53ec762bb8ba0a96d01ffa2cd45eb1d1d8dd5c5\windows-amd64\native-platform.dll
0x00007ff935190000 - 0x00007ff9352d4000 	C:\Users\acer\.gradle\native\0d407fdbe67a94daf76414ababcb853783967236a71b16ec16e742cd7a986fd3\windows-amd64\native-platform-file-events.dll
0x00007ff960f90000 - 0x00007ff960f99000 	C:\Program Files\Java\jdk-18.0.2\bin\management.dll
0x00007ff9601e0000 - 0x00007ff9601eb000 	C:\Program Files\Java\jdk-18.0.2\bin\management_ext.dll
0x00007ff977970000 - 0x00007ff977988000 	C:\WINDOWS\SYSTEM32\CRYPTSP.dll
0x00007ff9770a0000 - 0x00007ff9770d4000 	C:\WINDOWS\system32\rsaenh.dll
0x00007ff978830000 - 0x00007ff978857000 	C:\WINDOWS\System32\bcrypt.dll
0x00007ff977fa0000 - 0x00007ff977fce000 	C:\WINDOWS\SYSTEM32\USERENV.dll
0x00007ff977e30000 - 0x00007ff977e3c000 	C:\WINDOWS\SYSTEM32\CRYPTBASE.dll
0x00007ff977470000 - 0x00007ff9774ab000 	C:\WINDOWS\SYSTEM32\IPHLPAPI.DLL
0x00007ff97a960000 - 0x00007ff97a968000 	C:\WINDOWS\System32\NSI.dll
0x00007ff96f9c0000 - 0x00007ff96f9d7000 	C:\WINDOWS\SYSTEM32\dhcpcsvc6.DLL
0x00007ff96fc40000 - 0x00007ff96fc5d000 	C:\WINDOWS\SYSTEM32\dhcpcsvc.DLL
0x00007ff9774b0000 - 0x00007ff97757a000 	C:\WINDOWS\SYSTEM32\DNSAPI.dll

dbghelp: loaded successfully - version: 4.0.5 - missing functions: none
symbol engine: initialized successfully - sym options: 0x614 - pdb path: .;C:\Program Files\Java\jdk-18.0.2\bin;C:\WINDOWS\SYSTEM32;C:\WINDOWS\WinSxS\amd64_microsoft.windows.common-controls_6595b64144ccf1df_6.0.19041.1110_none_60b5254171f9507e;C:\Program Files\Java\jdk-18.0.2\bin\server;C:\Users\acer\.gradle\native\e1d6ef7f7dcc3fd88c89a11ec53ec762bb8ba0a96d01ffa2cd45eb1d1d8dd5c5\windows-amd64;C:\Users\acer\.gradle\native\0d407fdbe67a94daf76414ababcb853783967236a71b16ec16e742cd7a986fd3\windows-amd64

VM Arguments:
jvm_args: --add-opens=java.base/java.util=ALL-UNNAMED --add-opens=java.base/java.lang=ALL-UNNAMED --add-opens=java.base/java.lang.invoke=ALL-UNNAMED --add-opens=java.base/java.util=ALL-UNNAMED --add-opens=java.prefs/java.util.prefs=ALL-UNNAMED --add-opens=java.prefs/java.util.prefs=ALL-UNNAMED --add-opens=java.base/java.nio.charset=ALL-UNNAMED --add-opens=java.base/java.net=ALL-UNNAMED --add-opens=java.base/java.util.concurrent.atomic=ALL-UNNAMED -Xmx2048m -Dfile.encoding=UTF-8 -Duser.country=IN -Duser.language=en -Duser.variant 
java_command: org.gradle.launcher.daemon.bootstrap.GradleDaemon 7.4
java_class_path (initial): C:\Users\acer\.gradle\wrapper\dists\gradle-7.4-bin\c0gwcg53nkjbqw7r0h0umtfvt\gradle-7.4\lib\gradle-launcher-7.4.jar
Launcher Type: SUN_STANDARD

[Global flags]
     intx CICompilerCount                          = 3                                         {product} {ergonomic}
     uint ConcGCThreads                            = 1                                         {product} {ergonomic}
     uint G1ConcRefinementThreads                  = 4                                         {product} {ergonomic}
   size_t G1HeapRegionSize                         = 1048576                                   {product} {ergonomic}
    uintx GCDrainStackTargetSize                   = 64                                        {product} {ergonomic}
   size_t InitialHeapSize                          = 117440512                                 {product} {ergonomic}
   size_t MarkStackSize                            = 4194304                                   {product} {ergonomic}
   size_t MaxHeapSize                              = 2147483648                                {product} {command line}
   size_t MaxNewSize                               = 1287651328                                {product} {ergonomic}
   size_t MinHeapDeltaBytes                        = 1048576                                   {product} {ergonomic}
   size_t MinHeapSize                              = 8388608                                   {product} {ergonomic}
    uintx NonNMethodCodeHeapSize                   = 5832780                                {pd product} {ergonomic}
    uintx NonProfiledCodeHeapSize                  = 122912730                              {pd product} {ergonomic}
    uintx ProfiledCodeHeapSize                     = 122912730                              {pd product} {ergonomic}
    uintx ReservedCodeCacheSize                    = 251658240                              {pd product} {ergonomic}
     bool SegmentedCodeCache                       = true                                      {product} {ergonomic}
   size_t SoftMaxHeapSize                          = 2147483648                             {manageable} {ergonomic}
     bool UseCompressedClassPointers               = true                           {product lp64_product} {ergonomic}
     bool UseCompressedOops                        = true                           {product lp64_product} {ergonomic}
     bool UseG1GC                                  = true                                      {product} {ergonomic}
     bool UseLargePagesIndividualAllocation        = false                                  {pd product} {ergonomic}

Logging:
Log output configuration:
 #0: stdout all=warning uptime,level,tags foldmultilines=false
 #1: stderr all=off uptime,level,tags foldmultilines=false

Environment Variables:
JAVA_HOME=C:\Program Files\Java\jdk-18.0.2
PATH=C:\Program Files\Common Files\Oracle\Java\javapath;C:\WINDOWS\system32;C:\WINDOWS;C:\WINDOWS\System32\Wbem;C:\WINDOWS\System32\WindowsPowerShell\v1.0\;C:\WINDOWS\System32\OpenSSH\;C:\Program Files\nodejs;C:\Program Files\dotnet\;C:\Program Files\nodejs\;C:\Users\acer\AppData\Local\Android\Sdk\platform-tools;C:\Users\acer\AppData\Local\Android\Sdk;C:\ProgramData\chocolatey\bin;C:\Users\acer\AppData\Local\Microsoft\WindowsApps;C:\Program Files\JetBrains\PyCharm Community Edition 2021.2.2\bin;;C:\Program Files\nodejs;C:\Program Files\JetBrains\IntelliJ IDEA Community Edition 2022.2.1\bin;;C:\Users\acer\AppData\Roaming\npm;C:\Users\acer\AppData\Local\Programs\Microsoft VS Code\bin;C:\Users\acer\AppData\Local\Android\Sdk\platform-tools;
USERNAME=shergill
OS=Windows_NT
PROCESSOR_IDENTIFIER=AMD64 Family 22 Model 48 Stepping 1, AuthenticAMD



---------------  S Y S T E M  ---------------

OS:
 Windows 10 , 64 bit Build 19041 (10.0.19041.2251)
OS uptime: 0 days 2:04 hours

CPU: total 4 (initial active 4) (4 cores per cpu, 1 threads per core) family 22 model 48 stepping 1 microcode 0x0, cx8, cmov, fxsr, mmx, 3dnowpref, sse, sse2, sse3, ssse3, sse4a, sse4.1, sse4.2, popcnt, lzcnt, tsc, tscinvbit, avx, aes, clmul, bmi1, vzeroupper, clflush

Memory: 4k page, system-wide physical 7094M (782M free)
TotalPageFile size 8476M (AvailPageFile size 4M)
current process WorkingSet (physical memory assigned to process): 334M, peak: 334M
current process commit charge ("private bytes"): 371M, peak: 372M

vm_info: Java HotSpot(TM) 64-Bit Server VM (18.0.2+9-61) for windows-amd64 JRE (18.0.2+9-61), built on Jun  7 2022 13:09:01 by "mach5one" with MS VC++ 16.8 / 16.9 (VS2019)

END.
